#
# There is insufficient memory for the Java Runtime Environment to continue.
# Native memory allocation (malloc) failed to allocate 1117696 bytes. Error detail: Chunk::new
# Possible reasons:
#   The system is out of physical RAM or swap space
#   This process is running with CompressedOops enabled, and the Java Heap may be blocking the growth of the native heap
# Possible solutions:
#   Reduce memory load on the system
#   Increase physical memory or swap space
#   Check if swap backing store is full
#   Decrease Java heap size (-Xmx/-Xms)
#   Decrease number of Java threads
#   Decrease Java thread stack sizes (-Xss)
#   Set larger code cache with -XX:ReservedCodeCacheSize=
#   JVM is running with Unscaled Compressed Oops mode in which the Java heap is
#     placed in the first 4GB address space. The Java Heap base address is the
#     maximum limit for the native heap growth. Please use -XX:HeapBaseMinAddress
#     to set the Java Heap base and to place the Java Heap above 4GB virtual address.
# This output file may be truncated or incomplete.
#
#  Out of Memory Error (arena.cpp:168), pid=16596, tid=17536
#
# JRE version: OpenJDK Runtime Environment Temurin-21.0.10+7 (21.0.10+7) (build 21.0.10+7-LTS)
# Java VM: OpenJDK 64-Bit Server VM Temurin-21.0.10+7 (21.0.10+7-LTS, mixed mode, sharing, tiered, compressed oops, compressed class ptrs, parallel gc, windows-amd64)
# No core dump will be written. Minidumps are not enabled by default on client versions of Windows
#

---------------  S U M M A R Y ------------

Command Line: --add-modules=ALL-SYSTEM --add-opens=java.base/java.util=ALL-UNNAMED --add-opens=java.base/java.lang=ALL-UNNAMED --add-opens=java.base/sun.nio.fs=ALL-UNNAMED -Declipse.application=org.eclipse.jdt.ls.core.id1 -Dosgi.bundles.defaultStartLevel=4 -Declipse.product=org.eclipse.jdt.ls.core.product -Djava.import.generatesMetadataFilesAtProjectRoot=false -DDetectVMInstallationsJob.disabled=true -Dfile.encoding=utf8 -XX:+UseParallelGC -XX:GCTimeRatio=4 -XX:AdaptiveSizePolicyWeight=90 -Dsun.zip.disableMemoryMapping=true -Xmx2G -Xms100m -Xlog:disable -javaagent:c:\Users\Hp 921\.vscode\extensions\redhat.java-1.54.0-win32-x64\lombok\lombok-1.18.39-4050.jar -XX:+HeapDumpOnOutOfMemoryError -XX:HeapDumpPath=c:\Users\Hp 921\AppData\Roaming\Code\User\workspaceStorage\1df0127adcf93e1a27ed126523d283ea\redhat.java -Daether.dependencyCollector.impl=bf c:\Users\Hp 921\.vscode\extensions\redhat.java-1.54.0-win32-x64\server\plugins\org.eclipse.equinox.launcher_1.7.100.v20251111-0406.jar -configuration c:\Users\Hp 921\AppData\Roaming\Code\User\globalStorage\redhat.java\1.54.0\config_win -data c:\Users\Hp 921\AppData\Roaming\Code\User\workspaceStorage\1df0127adcf93e1a27ed126523d283ea\redhat.java\jdt_ws --pipe=\\.\pipe\lsp-4066b434bca54084b846854e699e4932-sock

Host: AMD Ryzen 7 PRO 5850U with Radeon Graphics     , 16 cores, 15G,  Windows 11 , 64 bit Build 22621 (10.0.22621.5415)
Time: Tue May 12 20:13:51 2026 India Standard Time elapsed time: 576.971250 seconds (0d 0h 9m 36s)

---------------  T H R E A D  ---------------

Current thread (0x0000016cc43cfe30):  JavaThread "C2 CompilerThread5" daemon [_thread_in_native, id=17536, stack(0x0000003c8eb00000,0x0000003c8ec00000) (1024K)]


Current CompileTask:
C2:576971 21209       4       sun.security.ec.ECOperations::setDouble (463 bytes)

Stack: [0x0000003c8eb00000,0x0000003c8ec00000]
Native frames: (J=compiled Java code, j=interpreted, Vv=VM code, C=native code)
V  [jvm.dll+0x6d7a39]
V  [jvm.dll+0x8b4b26]
V  [jvm.dll+0x8b70de]
V  [jvm.dll+0x8b77c3]
V  [jvm.dll+0x284346]
V  [jvm.dll+0xc66ed]
V  [jvm.dll+0xc6c31]
V  [jvm.dll+0x2fb29e]
V  [jvm.dll+0x5fe884]
V  [jvm.dll+0x255b17]
V  [jvm.dll+0x255edd]
V  [jvm.dll+0x24e500]
V  [jvm.dll+0x24ba42]
V  [jvm.dll+0x1cb34e]
V  [jvm.dll+0x25b85d]
V  [jvm.dll+0x259dea]
V  [jvm.dll+0x3f857e]
V  [jvm.dll+0x85f59d]
V  [jvm.dll+0x6d626d]
C  [ucrtbase.dll+0x29333]
C  [KERNEL32.DLL+0x1259d]
C  [ntdll.dll+0x5af78]


---------------  P R O C E S S  ---------------

Threads class SMR info:
_java_thread_list=0x0000016cc63c0c60, length=88, elements={
0x0000016ce09eafd0, 0x0000016cf749c640, 0x0000016cf749de50, 0x0000016cf8a45080,
0x0000016cf8a461f0, 0x0000016cf8a4a290, 0x0000016cf8a4ef10, 0x0000016cf8a52900,
0x0000016cf8a5c690, 0x0000016cf8caa360, 0x0000016cfa140f80, 0x0000016cff2ebd80,
0x0000016cfa908d50, 0x0000016cfa81c640, 0x0000016cfa81d690, 0x0000016cffac7d20,
0x0000016cfa50e4c0, 0x0000016cff440410, 0x0000016cffbe4a20, 0x0000016cffbe2fe0,
0x0000016cffbe22c0, 0x0000016cc3687570, 0x0000016cc3685b30, 0x0000016cc36861c0,
0x0000016cc36833d0, 0x0000016cc3686ee0, 0x0000016cc36840f0, 0x0000016cc3682020,
0x0000016cc3684780, 0x0000016cc3683a60, 0x0000016cc3686850, 0x0000016cc3688290,
0x0000016cc3687c00, 0x0000016cc36854a0, 0x0000016cc3684e10, 0x0000016cc3681300,
0x0000016cc3688920, 0x0000016cc3681990, 0x0000016cc36826b0, 0x0000016cffe8b780,
0x0000016cffe8c4a0, 0x0000016cffe8a3d0, 0x0000016cffe8b0f0, 0x0000016cc3bbb260,
0x0000016cc41b7960, 0x0000016cc41b6c40, 0x0000016cc41b65b0, 0x0000016cc41b9a30,
0x0000016cc41b72d0, 0x0000016cc41b7ff0, 0x0000016cc41b3130, 0x0000016cc43c3970,
0x0000016cc43c4000, 0x0000016cc43c7b10, 0x0000016cc43c81a0, 0x0000016cc43c53b0,
0x0000016cc568ee00, 0x0000016cc5691bf0, 0x0000016cc5692fa0, 0x0000016cc568da50,
0x0000016cc5690ed0, 0x0000016cc5692910, 0x0000016cc5694350, 0x0000016cc5690840,
0x0000016cc5693cc0, 0x0000016cc568d3c0, 0x0000016cc43c8830, 0x0000016cc3bc0120,
0x0000016cc14db2a0, 0x0000016cc14d9860, 0x0000016cc14dedb0, 0x0000016cc14dcce0,
0x0000016cc14de090, 0x0000016cc3bbcca0, 0x0000016cc3bbd330, 0x0000016cffbe2950,
0x0000016cc43c4690, 0x0000016cc43c6df0, 0x0000016cc43c4d20, 0x0000016cc43cce80,
0x0000016cc43cc0e0, 0x0000016cc43cf090, 0x0000016cc43cd550, 0x0000016cc3bbe6e0,
0x0000016cc43ce2f0, 0x0000016cc43cf760, 0x0000016cc43cfe30, 0x0000016cc43d0500
}

Java Threads: ( => current thread )
  0x0000016ce09eafd0 JavaThread "main"                              [_thread_blocked, id=16388, stack(0x0000003c89700000,0x0000003c89800000) (1024K)]
  0x0000016cf749c640 JavaThread "Reference Handler"          daemon [_thread_blocked, id=19928, stack(0x0000003c89b00000,0x0000003c89c00000) (1024K)]
  0x0000016cf749de50 JavaThread "Finalizer"                  daemon [_thread_blocked, id=20064, stack(0x0000003c89c00000,0x0000003c89d00000) (1024K)]
  0x0000016cf8a45080 JavaThread "Signal Dispatcher"          daemon [_thread_blocked, id=20504, stack(0x0000003c89d00000,0x0000003c89e00000) (1024K)]
  0x0000016cf8a461f0 JavaThread "Attach Listener"            daemon [_thread_blocked, id=22924, stack(0x0000003c89e00000,0x0000003c89f00000) (1024K)]
  0x0000016cf8a4a290 JavaThread "Service Thread"             daemon [_thread_blocked, id=10660, stack(0x0000003c89f00000,0x0000003c8a000000) (1024K)]
  0x0000016cf8a4ef10 JavaThread "Monitor Deflation Thread"   daemon [_thread_blocked, id=13252, stack(0x0000003c8a000000,0x0000003c8a100000) (1024K)]
  0x0000016cf8a52900 JavaThread "C2 CompilerThread0"         daemon [_thread_in_native, id=3836, stack(0x0000003c8a100000,0x0000003c8a200000) (1024K)]
  0x0000016cf8a5c690 JavaThread "C1 CompilerThread0"         daemon [_thread_blocked, id=19644, stack(0x0000003c8a200000,0x0000003c8a300000) (1024K)]
  0x0000016cf8caa360 JavaThread "Common-Cleaner"             daemon [_thread_blocked, id=12480, stack(0x0000003c8a500000,0x0000003c8a600000) (1024K)]
  0x0000016cfa140f80 JavaThread "Notification Thread"        daemon [_thread_blocked, id=7492, stack(0x0000003c8a800000,0x0000003c8a900000) (1024K)]
  0x0000016cff2ebd80 JavaThread "Active Thread: Equinox Container: f59a3a30-040d-481d-9f29-b0cf6d6bcf9c"        [_thread_blocked, id=21240, stack(0x0000003c8b200000,0x0000003c8b300000) (1024K)]
  0x0000016cfa908d50 JavaThread "Refresh Thread: Equinox Container: f59a3a30-040d-481d-9f29-b0cf6d6bcf9c" daemon [_thread_blocked, id=12292, stack(0x0000003c8b400000,0x0000003c8b500000) (1024K)]
  0x0000016cfa81c640 JavaThread "Framework Event Dispatcher: Equinox Container: f59a3a30-040d-481d-9f29-b0cf6d6bcf9c" daemon [_thread_blocked, id=21856, stack(0x0000003c8b500000,0x0000003c8b600000) (1024K)]
  0x0000016cfa81d690 JavaThread "Start Level: Equinox Container: f59a3a30-040d-481d-9f29-b0cf6d6bcf9c" daemon [_thread_blocked, id=9480, stack(0x0000003c8b600000,0x0000003c8b700000) (1024K)]
  0x0000016cffac7d20 JavaThread "Bundle File Closer"         daemon [_thread_blocked, id=12976, stack(0x0000003c8ba00000,0x0000003c8bb00000) (1024K)]
  0x0000016cfa50e4c0 JavaThread "SCR Component Actor"        daemon [_thread_blocked, id=16680, stack(0x0000003c8a400000,0x0000003c8a500000) (1024K)]
  0x0000016cff440410 JavaThread "Worker-JM"                         [_thread_blocked, id=22080, stack(0x0000003c8b000000,0x0000003c8b100000) (1024K)]
  0x0000016cffbe4a20 JavaThread "JNA Cleaner"                daemon [_thread_blocked, id=18852, stack(0x0000003c8bc00000,0x0000003c8bd00000) (1024K)]
  0x0000016cffbe2fe0 JavaThread "Worker-0"                          [_thread_blocked, id=12600, stack(0x0000003c8bd00000,0x0000003c8be00000) (1024K)]
  0x0000016cffbe22c0 JavaThread "Java indexing"              daemon [_thread_blocked, id=21540, stack(0x0000003c8c100000,0x0000003c8c200000) (1024K)]
  0x0000016cc3687570 JavaThread "Thread-1"                   daemon [_thread_in_native, id=22984, stack(0x0000003c8c600000,0x0000003c8c700000) (1024K)]
  0x0000016cc3685b30 JavaThread "Thread-2"                   daemon [_thread_in_native, id=16744, stack(0x0000003c8c700000,0x0000003c8c800000) (1024K)]
  0x0000016cc36861c0 JavaThread "Thread-3"                   daemon [_thread_in_native, id=15920, stack(0x0000003c8c800000,0x0000003c8c900000) (1024K)]
  0x0000016cc36833d0 JavaThread "Thread-4"                   daemon [_thread_in_native, id=4968, stack(0x0000003c8c900000,0x0000003c8ca00000) (1024K)]
  0x0000016cc3686ee0 JavaThread "Thread-5"                   daemon [_thread_in_native, id=10460, stack(0x0000003c8ca00000,0x0000003c8cb00000) (1024K)]
  0x0000016cc36840f0 JavaThread "Thread-6"                   daemon [_thread_in_native, id=9144, stack(0x0000003c8cb00000,0x0000003c8cc00000) (1024K)]
  0x0000016cc3682020 JavaThread "Thread-7"                   daemon [_thread_in_native, id=5608, stack(0x0000003c8cc00000,0x0000003c8cd00000) (1024K)]
  0x0000016cc3684780 JavaThread "Thread-8"                   daemon [_thread_in_native, id=11860, stack(0x0000003c8cd00000,0x0000003c8ce00000) (1024K)]
  0x0000016cc3683a60 JavaThread "Thread-9"                   daemon [_thread_in_native, id=20524, stack(0x0000003c8ce00000,0x0000003c8cf00000) (1024K)]
  0x0000016cc3686850 JavaThread "Thread-10"                  daemon [_thread_in_native, id=7836, stack(0x0000003c8cf00000,0x0000003c8d000000) (1024K)]
  0x0000016cc3688290 JavaThread "Thread-11"                  daemon [_thread_in_native, id=23364, stack(0x0000003c8d000000,0x0000003c8d100000) (1024K)]
  0x0000016cc3687c00 JavaThread "Thread-12"                  daemon [_thread_in_native, id=10924, stack(0x0000003c8d100000,0x0000003c8d200000) (1024K)]
  0x0000016cc36854a0 JavaThread "Thread-13"                  daemon [_thread_in_native, id=24452, stack(0x0000003c8d200000,0x0000003c8d300000) (1024K)]
  0x0000016cc3684e10 JavaThread "Thread-14"                  daemon [_thread_in_native, id=21104, stack(0x0000003c8d300000,0x0000003c8d400000) (1024K)]
  0x0000016cc3681300 JavaThread "Thread-15"                  daemon [_thread_in_native, id=11508, stack(0x0000003c8d400000,0x0000003c8d500000) (1024K)]
  0x0000016cc3688920 JavaThread "Thread-16"                  daemon [_thread_in_native, id=13700, stack(0x0000003c8d500000,0x0000003c8d600000) (1024K)]
  0x0000016cc3681990 JavaThread "Thread-17"                  daemon [_thread_in_native, id=22400, stack(0x0000003c8d600000,0x0000003c8d700000) (1024K)]
  0x0000016cc36826b0 JavaThread "pool-2-thread-1"                   [_thread_blocked, id=21224, stack(0x0000003c8d800000,0x0000003c8d900000) (1024K)]
  0x0000016cffe8b780 JavaThread "WorkspaceEventsHandler"            [_thread_blocked, id=21756, stack(0x0000003c8dd00000,0x0000003c8de00000) (1024K)]
  0x0000016cffe8c4a0 JavaThread "pool-1-thread-1"                   [_thread_blocked, id=12020, stack(0x0000003c8de00000,0x0000003c8df00000) (1024K)]
  0x0000016cffe8a3d0 JavaThread "ForkJoinPool.commonPool-worker-1" daemon [_thread_blocked, id=10024, stack(0x0000003c8db00000,0x0000003c8dc00000) (1024K)]
  0x0000016cffe8b0f0 JavaThread "ForkJoinPool.commonPool-worker-2" daemon [_thread_blocked, id=6600, stack(0x0000003c8df00000,0x0000003c8e000000) (1024K)]
  0x0000016cc3bbb260 JavaThread "ForkJoinPool.commonPool-worker-4" daemon [_thread_blocked, id=1348, stack(0x0000003c8e100000,0x0000003c8e200000) (1024K)]
  0x0000016cc41b7960 JavaThread "ForkJoinPool.commonPool-worker-5" daemon [_thread_blocked, id=2264, stack(0x0000003c8f100000,0x0000003c8f200000) (1024K)]
  0x0000016cc41b6c40 JavaThread "ForkJoinPool.commonPool-worker-6" daemon [_thread_blocked, id=21580, stack(0x0000003c8f700000,0x0000003c8f800000) (1024K)]
  0x0000016cc41b65b0 JavaThread "ForkJoinPool.commonPool-worker-7" daemon [_thread_blocked, id=18052, stack(0x0000003c8f800000,0x0000003c8f900000) (1024K)]
  0x0000016cc41b9a30 JavaThread "ForkJoinPool.commonPool-worker-8" daemon [_thread_blocked, id=5576, stack(0x0000003c8f900000,0x0000003c8fa00000) (1024K)]
  0x0000016cc41b72d0 JavaThread "ForkJoinPool.commonPool-worker-9" daemon [_thread_blocked, id=3016, stack(0x0000003c8fa00000,0x0000003c8fb00000) (1024K)]
  0x0000016cc41b7ff0 JavaThread "ForkJoinPool.commonPool-worker-10" daemon [_thread_blocked, id=6696, stack(0x0000003c8fb00000,0x0000003c8fc00000) (1024K)]
  0x0000016cc41b3130 JavaThread "Cleaner-0"                  daemon [_thread_blocked, id=16356, stack(0x0000003c8fd00000,0x0000003c8fe00000) (1024K)]
  0x0000016cc43c3970 JavaThread "Java Debug Server"          daemon [_thread_in_native, id=16484, stack(0x0000003c90a00000,0x0000003c90b00000) (1024K)]
  0x0000016cc43c4000 JavaThread "pool-3-thread-1"                   [_thread_in_native, id=11296, stack(0x0000003c90b00000,0x0000003c90c00000) (1024K)]
  0x0000016cc43c7b10 JavaThread "RxSchedulerPurge-1"         daemon [_thread_blocked, id=7676, stack(0x0000003c90c00000,0x0000003c90d00000) (1024K)]
  0x0000016cc43c81a0 JavaThread "RxCachedWorkerPoolEvictor-1" daemon [_thread_blocked, id=7320, stack(0x0000003c90d00000,0x0000003c90e00000) (1024K)]
  0x0000016cc43c53b0 JavaThread "RxNewThreadScheduler-1"     daemon [_thread_blocked, id=20624, stack(0x0000003c90e00000,0x0000003c90f00000) (1024K)]
  0x0000016cc568ee00 JavaThread "process reaper (pid 2364)"  daemon [_thread_in_native, id=23488, stack(0x0000003c891c0000,0x0000003c891e0000) (128K)]
  0x0000016cc5691bf0 JavaThread "pool-3-thread-2"                   [_thread_in_native, id=24288, stack(0x0000003c8a700000,0x0000003c8a800000) (1024K)]
  0x0000016cc5692fa0 JavaThread "RxNewThreadScheduler-3"     daemon [_thread_blocked, id=13144, stack(0x0000003c8a900000,0x0000003c8aa00000) (1024K)]
  0x0000016cc568da50 JavaThread "process reaper (pid 24188)" daemon [_thread_in_native, id=20488, stack(0x0000003c891e0000,0x0000003c89200000) (128K)]
  0x0000016cc5690ed0 JavaThread "pool-3-thread-3"                   [_thread_in_native, id=18624, stack(0x0000003c8c000000,0x0000003c8c100000) (1024K)]
  0x0000016cc5692910 JavaThread "RxNewThreadScheduler-5"     daemon [_thread_blocked, id=1500, stack(0x0000003c8d700000,0x0000003c8d800000) (1024K)]
  0x0000016cc5694350 JavaThread "process reaper (pid 7196)"  daemon [_thread_in_native, id=11352, stack(0x0000003c8a600000,0x0000003c8a620000) (128K)]
  0x0000016cc5690840 JavaThread "pool-3-thread-4"                   [_thread_in_native, id=23976, stack(0x0000003c8bf00000,0x0000003c8c000000) (1024K)]
  0x0000016cc5693cc0 JavaThread "RxNewThreadScheduler-7"     daemon [_thread_blocked, id=19580, stack(0x0000003c8d900000,0x0000003c8da00000) (1024K)]
  0x0000016cc568d3c0 JavaThread "process reaper (pid 11128)" daemon [_thread_in_native, id=5900, stack(0x0000003c8a620000,0x0000003c8a640000) (128K)]
  0x0000016cc43c8830 JavaThread "pool-3-thread-5"                   [_thread_in_native, id=17196, stack(0x0000003c89400000,0x0000003c89500000) (1024K)]
  0x0000016cc3bc0120 JavaThread "RxNewThreadScheduler-9"     daemon [_thread_blocked, id=17208, stack(0x0000003c89500000,0x0000003c89600000) (1024K)]
  0x0000016cc14db2a0 JavaThread "process reaper (pid 23744)" daemon [_thread_in_native, id=1400, stack(0x0000003c89600000,0x0000003c89620000) (128K)]
  0x0000016cc14d9860 JavaThread "pool-3-thread-6"                   [_thread_in_native, id=20220, stack(0x0000003c8a300000,0x0000003c8a400000) (1024K)]
  0x0000016cc14dedb0 JavaThread "RxNewThreadScheduler-11"    daemon [_thread_blocked, id=18940, stack(0x0000003c8e200000,0x0000003c8e300000) (1024K)]
  0x0000016cc14dcce0 JavaThread "process reaper (pid 19768)" daemon [_thread_in_native, id=264, stack(0x0000003c89620000,0x0000003c89640000) (128K)]
  0x0000016cc14de090 JavaThread "pool-3-thread-7"                   [_thread_in_native, id=23108, stack(0x0000003c8fc00000,0x0000003c8fd00000) (1024K)]
  0x0000016cc3bbcca0 JavaThread "RxNewThreadScheduler-13"    daemon [_thread_blocked, id=18320, stack(0x0000003c90f00000,0x0000003c91000000) (1024K)]
  0x0000016cc3bbd330 JavaThread "process reaper (pid 12820)" daemon [_thread_in_native, id=19060, stack(0x0000003c89640000,0x0000003c89660000) (128K)]
  0x0000016cffbe2950 JavaThread "Worker-6"                          [_thread_blocked, id=19404, stack(0x0000003c8be00000,0x0000003c8bf00000) (1024K)]
  0x0000016cc43c4690 JavaThread "Compiler Source File Reader" daemon [_thread_blocked, id=10336, stack(0x0000003c8c200000,0x0000003c8c300000) (1024K)]
  0x0000016cc43c6df0 JavaThread "pool-1-thread-3"                   [_thread_blocked, id=19080, stack(0x0000003c8e300000,0x0000003c8e400000) (1024K)]
  0x0000016cc43c4d20 JavaThread "Worker-7"                          [_thread_blocked, id=10808, stack(0x0000003c8e500000,0x0000003c8e600000) (1024K)]
  0x0000016cc43cce80 JavaThread "C1 CompilerThread1"         daemon [_thread_blocked, id=8912, stack(0x0000003c8c400000,0x0000003c8c500000) (1024K)]
  0x0000016cc43cc0e0 JavaThread "C1 CompilerThread2"         daemon [_thread_blocked, id=12752, stack(0x0000003c8dc00000,0x0000003c8dd00000) (1024K)]
  0x0000016cc43cf090 JavaThread "C2 CompilerThread1"         daemon [_thread_in_vm, id=17368, stack(0x0000003c8c300000,0x0000003c8c400000) (1024K)]
  0x0000016cc43cd550 JavaThread "C2 CompilerThread2"         daemon [_thread_blocked, id=672, stack(0x0000003c8c500000,0x0000003c8c600000) (1024K)]
  0x0000016cc3bbe6e0 JavaThread "Thread-26"                         [_thread_in_native, id=23512, stack(0x0000003c8e000000,0x0000003c8e100000) (1024K)]
  0x0000016cc43ce2f0 JavaThread "C2 CompilerThread3"         daemon [_thread_blocked, id=12228, stack(0x0000003c8e800000,0x0000003c8e900000) (1024K)]
  0x0000016cc43cf760 JavaThread "C2 CompilerThread4"         daemon [_thread_in_native, id=18992, stack(0x0000003c8e900000,0x0000003c8ea00000) (1024K)]
=>0x0000016cc43cfe30 JavaThread "C2 CompilerThread5"         daemon [_thread_in_native, id=17536, stack(0x0000003c8eb00000,0x0000003c8ec00000) (1024K)]
  0x0000016cc43d0500 JavaThread "C1 CompilerThread3"         daemon [_thread_blocked, id=14688, stack(0x0000003c8ec00000,0x0000003c8ed00000) (1024K)]
Total: 88

Other Threads:
  0x0000016cf7484a30 VMThread "VM Thread"                           [id=14064, stack(0x0000003c89a00000,0x0000003c89b00000) (1024K)]
  0x0000016ce0a5a140 WatcherThread "VM Periodic Task Thread"        [id=19820, stack(0x0000003c89900000,0x0000003c89a00000) (1024K)]
  0x0000016ce0a0a490 WorkerThread "GC Thread#0"                     [id=1816, stack(0x0000003c89800000,0x0000003c89900000) (1024K)]
  0x0000016cfa4a1460 WorkerThread "GC Thread#1"                     [id=15064, stack(0x0000003c8aa00000,0x0000003c8ab00000) (1024K)]
  0x0000016cfa805d90 WorkerThread "GC Thread#2"                     [id=22312, stack(0x0000003c8ab00000,0x0000003c8ac00000) (1024K)]
  0x0000016cfa806140 WorkerThread "GC Thread#3"                     [id=17232, stack(0x0000003c8ac00000,0x0000003c8ad00000) (1024K)]
  0x0000016cfa8064f0 WorkerThread "GC Thread#4"                     [id=4520, stack(0x0000003c8ad00000,0x0000003c8ae00000) (1024K)]
  0x0000016cfa4a59a0 WorkerThread "GC Thread#5"                     [id=19420, stack(0x0000003c8ae00000,0x0000003c8af00000) (1024K)]
  0x0000016cfa4a6160 WorkerThread "GC Thread#6"                     [id=11484, stack(0x0000003c8af00000,0x0000003c8b000000) (1024K)]
  0x0000016cff4cd4a0 WorkerThread "GC Thread#7"                     [id=17576, stack(0x0000003c8b300000,0x0000003c8b400000) (1024K)]
  0x0000016cff1142c0 WorkerThread "GC Thread#8"                     [id=2816, stack(0x0000003c8b700000,0x0000003c8b800000) (1024K)]
  0x0000016cff114670 WorkerThread "GC Thread#9"                     [id=1912, stack(0x0000003c8b800000,0x0000003c8b900000) (1024K)]
  0x0000016cff114e30 WorkerThread "GC Thread#10"                    [id=12880, stack(0x0000003c8b900000,0x0000003c8ba00000) (1024K)]
  0x0000016cff9fb300 WorkerThread "GC Thread#11"                    [id=1076, stack(0x0000003c8b100000,0x0000003c8b200000) (1024K)]
  0x0000016cff2479a0 WorkerThread "GC Thread#12"                    [id=21556, stack(0x0000003c8bb00000,0x0000003c8bc00000) (1024K)]
Total: 15

Threads with active compile tasks:
C2 CompilerThread0  577002 21335       4       sun.security.util.math.intpoly.IntegerPolynomialP384::mult (1879 bytes)
C1 CompilerThread0  577002 21384       3       com.sun.crypto.provider.GHASH::processBlock (37 bytes)
C2 CompilerThread4  577003 21381       4       java.util.regex.Pattern::range (294 bytes)
C2 CompilerThread5  577003 21209       4       sun.security.ec.ECOperations::setDouble (463 bytes)
Total: 4

VM state: not at safepoint (normal execution)

VM Mutex/Monitor currently owned by a thread: None

Heap address: 0x0000000080000000, size: 2048 MB, Compressed Oops mode: 32-bit

CDS archive(s) mapped at: [0x0000016c80000000-0x0000016c80ba0000-0x0000016c80ba0000), size 12189696, SharedBaseAddress: 0x0000016c80000000, ArchiveRelocationMode: 1.
Compressed class space mapped at: 0x0000016c81000000-0x0000016cc1000000, reserved size: 1073741824
Narrow klass base: 0x0000016c80000000, Narrow klass shift: 0, Narrow klass range: 0x100000000

GC Precious Log:
 CardTable entry size: 512
 CPUs: 16 total, 16 available
 Memory: 15681M
 Large Page Support: Disabled
 NUMA Support: Disabled
 Compressed Oops: Enabled (32-bit)
 Alignments: Space 512K, Generation 512K, Heap 2M
 Heap Min Capacity: 100M
 Heap Initial Capacity: 100M
 Heap Max Capacity: 2G
 Pre-touch: Disabled
 Parallel Workers: 13

Heap:
 PSYoungGen      total 6656K, used 1130K [0x00000000d5580000, 0x00000000d5d00000, 0x0000000100000000)
  eden space 5632K, 5% used [0x00000000d5580000,0x00000000d55c69f8,0x00000000d5b00000)
  from space 1024K, 82% used [0x00000000d5b00000,0x00000000d5bd4010,0x00000000d5c00000)
  to   space 1024K, 0% used [0x00000000d5c00000,0x00000000d5c00000,0x00000000d5d00000)
 ParOldGen       total 675328K, used 675230K [0x0000000080000000, 0x00000000a9380000, 0x00000000d5580000)
  object space 675328K, 99% used [0x0000000080000000,0x00000000a9367a90,0x00000000a9380000)
 Metaspace       used 88968K, committed 90752K, reserved 1179648K
  class space    used 9219K, committed 9984K, reserved 1048576K

Card table byte_map: [0x0000016ce0390000,0x0000016ce07a0000] _byte_map_base: 0x0000016cdff90000

Marking Bits: (ParMarkBitMap*) 0x00007ff9148b3450
 Begin Bits: [0x0000016cf2ea0000, 0x0000016cf4ea0000)
 End Bits:   [0x0000016cf4ea0000, 0x0000016cf6ea0000)

Polling page: 0x0000016cde9c0000

Metaspace:

Usage:
  Non-class:     77.88 MB used.
      Class:      9.00 MB used.
       Both:     86.88 MB used.

Virtual space:
  Non-class space:      128.00 MB reserved,      78.88 MB ( 62%) committed,  2 nodes.
      Class space:        1.00 GB reserved,       9.75 MB ( <1%) committed,  1 nodes.
             Both:        1.12 GB reserved,      88.62 MB (  8%) committed. 

Chunk freelists:
   Non-Class:  846.00 KB
       Class:  6.22 MB
        Both:  7.04 MB

MaxMetaspaceSize: unlimited
CompressedClassSpaceSize: 1.00 GB
Initial GC threshold: 21.00 MB
Current GC threshold: 130.94 MB
CDS: on
 - commit_granule_bytes: 65536.
 - commit_granule_words: 8192.
 - virtual_space_node_default_size: 8388608.
 - enlarge_chunks_in_place: 1.
 - use_allocation_guard: 0.


Internal statistics:

num_allocs_failed_limit: 11.
num_arena_births: 1620.
num_arena_deaths: 34.
num_vsnodes_births: 3.
num_vsnodes_deaths: 0.
num_space_committed: 1418.
num_space_uncommitted: 0.
num_chunks_returned_to_freelist: 52.
num_chunks_taken_from_freelist: 6028.
num_chunk_merges: 18.
num_chunk_splits: 3554.
num_chunks_enlarged: 1898.
num_inconsistent_stats: 0.

CodeHeap 'non-profiled nmethods': size=119168Kb used=22307Kb max_used=22307Kb free=96860Kb
 bounds [0x0000016ceb790000, 0x0000016cecd60000, 0x0000016cf2bf0000]
CodeHeap 'profiled nmethods': size=119104Kb used=50091Kb max_used=50091Kb free=69012Kb
 bounds [0x0000016ce3bf0000, 0x0000016ce6ce0000, 0x0000016ceb040000]
CodeHeap 'non-nmethods': size=7488Kb used=3218Kb max_used=3267Kb free=4269Kb
 bounds [0x0000016ceb040000, 0x0000016ceb380000, 0x0000016ceb790000]
CodeCache: size=245760Kb, used=75616Kb, max_used=75665Kb, free=170141Kb
 total_blobs=20583, nmethods=19734, adapters=747, full_count=0
Compilation: enabled, stopped_count=0, restarted_count=0

Compilation events (20 events):
Event: 576.964 Thread 0x0000016cc43cce80 nmethod 21367 0x0000016ce6cc6990 code [0x0000016ce6cc6b60, 0x0000016ce6cc6e48]
Event: 576.964 Thread 0x0000016cc43d0500 21371       3       java.net.IDN::isLabelSeparator (31 bytes)
Event: 576.964 Thread 0x0000016cc43cce80 21368       3       sun.security.util.KeyStoreDelegator::engineGetCertificate (9 bytes)
Event: 576.965 Thread 0x0000016cc43d0500 nmethod 21371 0x0000016ce6cc6f90 code [0x0000016ce6cc7140, 0x0000016ce6cc7318]
Event: 576.965 Thread 0x0000016cc43cce80 nmethod 21368 0x0000016ce6cc7390 code [0x0000016ce6cc7540, 0x0000016ce6cc7718]
Event: 576.965 Thread 0x0000016cc43cc0e0 21369       3       sun.security.pkcs12.PKCS12KeyStore::engineGetCertificate (203 bytes)
Event: 576.965 Thread 0x0000016cc43cf090 nmethod 21349 0x0000016cecd52910 code [0x0000016cecd52b80, 0x0000016cecd532a8]
Event: 576.966 Thread 0x0000016cc43cc0e0 nmethod 21369 0x0000016ce6cc7810 code [0x0000016ce6cc7a80, 0x0000016ce6cc8730]
Event: 576.966 Thread 0x0000016cf8a5c690 nmethod 21370 0x0000016ce6cc8a10 code [0x0000016ce6cc8da0, 0x0000016ce6cca690]
Event: 576.967 Thread 0x0000016cc43cf090 21362       4       java.security.MessageDigest::digest (12 bytes)
Event: 576.967 Thread 0x0000016cc43cd550 nmethod 21365 0x0000016cecd53710 code [0x0000016cecd538a0, 0x0000016cecd539c8]
Event: 576.968 Thread 0x0000016cc43cf760 21363       4       java.util.HexFormat::toHighHexDigit (13 bytes)
Event: 576.968 Thread 0x0000016cc43cce80 21372       3       sun.security.util.math.intpoly.P256OrderField::carryReduce (577 bytes)
Event: 576.968 Thread 0x0000016cc43cc0e0 21373       3       sun.security.util.math.intpoly.P256OrderField::carryReduce0 (2216 bytes)
Event: 576.968 Thread 0x0000016cf8a5c690 21375       3       sun.security.util.math.intpoly.P256OrderField::carryReduce2 (518 bytes)
Event: 576.968 Thread 0x0000016cc43d0500 21374       3       sun.security.util.math.intpoly.P256OrderField::carryReduce1 (322 bytes)
Event: 576.968 Thread 0x0000016cc43cd550 21366       4       java.util.HexFormat::toLowHexDigit (11 bytes)
Event: 576.969 Thread 0x0000016cc43d0500 nmethod 21374 0x0000016ce6ccb210 code [0x0000016ce6ccb3c0, 0x0000016ce6ccb778]
Event: 576.969 Thread 0x0000016cc43cce80 nmethod 21372 0x0000016ce6ccb910 code [0x0000016ce6ccbac0, 0x0000016ce6ccc018]
Event: 576.969 Thread 0x0000016cf8a5c690 nmethod 21375 0x0000016ce6ccc190 code [0x0000016ce6ccc340, 0x0000016ce6ccc870]

GC Heap History (20 events):
Event: 576.749 GC heap before
{Heap before GC invocations=1516 (full 4):
 PSYoungGen      total 6656K, used 6361K [0x00000000d5580000, 0x00000000d5f80000, 0x0000000100000000)
  eden space 4096K, 94% used [0x00000000d5580000,0x00000000d5944cf0,0x00000000d5980000)
  from space 2560K, 97% used [0x00000000d5980000,0x00000000d5bf1aa0,0x00000000d5c00000)
  to   space 3072K, 0% used [0x00000000d5c80000,0x00000000d5c80000,0x00000000d5f80000)
 ParOldGen       total 671744K, used 671689K [0x0000000080000000, 0x00000000a9000000, 0x00000000d5580000)
  object space 671744K, 99% used [0x0000000080000000,0x00000000a8ff26a8,0x00000000a9000000)
 Metaspace       used 87862K, committed 89600K, reserved 1179648K
  class space    used 9104K, committed 9856K, reserved 1048576K
}
Event: 576.750 GC heap after
{Heap after GC invocations=1516 (full 4):
 PSYoungGen      total 7168K, used 2909K [0x00000000d5580000, 0x00000000d6080000, 0x0000000100000000)
  eden space 4096K, 0% used [0x00000000d5580000,0x00000000d5580000,0x00000000d5980000)
  from space 3072K, 94% used [0x00000000d5c80000,0x00000000d5f576b0,0x00000000d5f80000)
  to   space 3072K, 0% used [0x00000000d5980000,0x00000000d5980000,0x00000000d5c80000)
 ParOldGen       total 672256K, used 671912K [0x0000000080000000, 0x00000000a9080000, 0x00000000d5580000)
  object space 672256K, 99% used [0x0000000080000000,0x00000000a902a100,0x00000000a9080000)
 Metaspace       used 87862K, committed 89600K, reserved 1179648K
  class space    used 9104K, committed 9856K, reserved 1048576K
}
Event: 576.754 GC heap before
{Heap before GC invocations=1517 (full 4):
 PSYoungGen      total 7168K, used 6765K [0x00000000d5580000, 0x00000000d6080000, 0x0000000100000000)
  eden space 4096K, 94% used [0x00000000d5580000,0x00000000d5943df8,0x00000000d5980000)
  from space 3072K, 94% used [0x00000000d5c80000,0x00000000d5f576b0,0x00000000d5f80000)
  to   space 3072K, 0% used [0x00000000d5980000,0x00000000d5980000,0x00000000d5c80000)
 ParOldGen       total 672256K, used 671912K [0x0000000080000000, 0x00000000a9080000, 0x00000000d5580000)
  object space 672256K, 99% used [0x0000000080000000,0x00000000a902a100,0x00000000a9080000)
 Metaspace       used 87938K, committed 89728K, reserved 1179648K
  class space    used 9110K, committed 9920K, reserved 1048576K
}
Event: 576.756 GC heap after
{Heap after GC invocations=1517 (full 4):
 PSYoungGen      total 7168K, used 3044K [0x00000000d5580000, 0x00000000d6180000, 0x0000000100000000)
  eden space 4096K, 0% used [0x00000000d5580000,0x00000000d5580000,0x00000000d5980000)
  from space 3072K, 99% used [0x00000000d5980000,0x00000000d5c79108,0x00000000d5c80000)
  to   space 3584K, 0% used [0x00000000d5e00000,0x00000000d5e00000,0x00000000d6180000)
 ParOldGen       total 672256K, used 671984K [0x0000000080000000, 0x00000000a9080000, 0x00000000d5580000)
  object space 672256K, 99% used [0x0000000080000000,0x00000000a903c100,0x00000000a9080000)
 Metaspace       used 87938K, committed 89728K, reserved 1179648K
  class space    used 9110K, committed 9920K, reserved 1048576K
}
Event: 576.760 GC heap before
{Heap before GC invocations=1518 (full 4):
 PSYoungGen      total 7168K, used 6705K [0x00000000d5580000, 0x00000000d6180000, 0x0000000100000000)
  eden space 4096K, 89% used [0x00000000d5580000,0x00000000d5913368,0x00000000d5980000)
  from space 3072K, 99% used [0x00000000d5980000,0x00000000d5c79108,0x00000000d5c80000)
  to   space 3584K, 0% used [0x00000000d5e00000,0x00000000d5e00000,0x00000000d6180000)
 ParOldGen       total 672256K, used 671984K [0x0000000080000000, 0x00000000a9080000, 0x00000000d5580000)
  object space 672256K, 99% used [0x0000000080000000,0x00000000a903c100,0x00000000a9080000)
 Metaspace       used 87953K, committed 89728K, reserved 1179648K
  class space    used 9115K, committed 9920K, reserved 1048576K
}
Event: 576.762 GC heap after
{Heap after GC invocations=1518 (full 4):
 PSYoungGen      total 8704K, used 3108K [0x00000000d5580000, 0x00000000d6180000, 0x0000000100000000)
  eden space 5120K, 0% used [0x00000000d5580000,0x00000000d5580000,0x00000000d5a80000)
  from space 3584K, 86% used [0x00000000d5e00000,0x00000000d6109108,0x00000000d6180000)
  to   space 3584K, 0% used [0x00000000d5a80000,0x00000000d5a80000,0x00000000d5e00000)
 ParOldGen       total 672256K, used 672072K [0x0000000080000000, 0x00000000a9080000, 0x00000000d5580000)
  object space 672256K, 99% used [0x0000000080000000,0x00000000a9052100,0x00000000a9080000)
 Metaspace       used 87953K, committed 89728K, reserved 1179648K
  class space    used 9115K, committed 9920K, reserved 1048576K
}
Event: 576.768 GC heap before
{Heap before GC invocations=1519 (full 4):
 PSYoungGen      total 8704K, used 7736K [0x00000000d5580000, 0x00000000d6180000, 0x0000000100000000)
  eden space 5120K, 90% used [0x00000000d5580000,0x00000000d5a051f8,0x00000000d5a80000)
  from space 3584K, 86% used [0x00000000d5e00000,0x00000000d6109108,0x00000000d6180000)
  to   space 3584K, 0% used [0x00000000d5a80000,0x00000000d5a80000,0x00000000d5e00000)
 ParOldGen       total 672256K, used 672072K [0x0000000080000000, 0x00000000a9080000, 0x00000000d5580000)
  object space 672256K, 99% used [0x0000000080000000,0x00000000a9052100,0x00000000a9080000)
 Metaspace       used 87970K, committed 89792K, reserved 1179648K
  class space    used 9115K, committed 9920K, reserved 1048576K
}
Event: 576.770 GC heap after
{Heap after GC invocations=1519 (full 4):
 PSYoungGen      total 5632K, used 480K [0x00000000d5580000, 0x00000000d5e80000, 0x0000000100000000)
  eden space 5120K, 0% used [0x00000000d5580000,0x00000000d5580000,0x00000000d5a80000)
  from space 512K, 93% used [0x00000000d5a80000,0x00000000d5af8000,0x00000000d5b00000)
  to   space 1536K, 0% used [0x00000000d5d00000,0x00000000d5d00000,0x00000000d5e80000)
 ParOldGen       total 672256K, used 672184K [0x0000000080000000, 0x00000000a9080000, 0x00000000d5580000)
  object space 672256K, 99% used [0x0000000080000000,0x00000000a906e100,0x00000000a9080000)
 Metaspace       used 87970K, committed 89792K, reserved 1179648K
  class space    used 9115K, committed 9920K, reserved 1048576K
}
Event: 576.779 GC heap before
{Heap before GC invocations=1520 (full 4):
 PSYoungGen      total 5632K, used 5600K [0x00000000d5580000, 0x00000000d5e80000, 0x0000000100000000)
  eden space 5120K, 100% used [0x00000000d5580000,0x00000000d5a80000,0x00000000d5a80000)
  from space 512K, 93% used [0x00000000d5a80000,0x00000000d5af8000,0x00000000d5b00000)
  to   space 1536K, 0% used [0x00000000d5d00000,0x00000000d5d00000,0x00000000d5e80000)
 ParOldGen       total 672256K, used 672184K [0x0000000080000000, 0x00000000a9080000, 0x00000000d5580000)
  object space 672256K, 99% used [0x0000000080000000,0x00000000a906e100,0x00000000a9080000)
 Metaspace       used 87988K, committed 89792K, reserved 1179648K
  class space    used 9115K, committed 9920K, reserved 1048576K
}
Event: 576.780 GC heap after
{Heap after GC invocations=1520 (full 4):
 PSYoungGen      total 7168K, used 864K [0x00000000d5580000, 0x00000000d5e00000, 0x0000000100000000)
  eden space 6144K, 0% used [0x00000000d5580000,0x00000000d5580000,0x00000000d5b80000)
  from space 1024K, 84% used [0x00000000d5d00000,0x00000000d5dd8000,0x00000000d5e00000)
  to   space 1024K, 0% used [0x00000000d5c00000,0x00000000d5c00000,0x00000000d5d00000)
 ParOldGen       total 672768K, used 672432K [0x0000000080000000, 0x00000000a9100000, 0x00000000d5580000)
  object space 672768K, 99% used [0x0000000080000000,0x00000000a90ac100,0x00000000a9100000)
 Metaspace       used 87988K, committed 89792K, reserved 1179648K
  class space    used 9115K, committed 9920K, reserved 1048576K
}
Event: 576.817 GC heap before
{Heap before GC invocations=1521 (full 4):
 PSYoungGen      total 7168K, used 7008K [0x00000000d5580000, 0x00000000d5e00000, 0x0000000100000000)
  eden space 6144K, 100% used [0x00000000d5580000,0x00000000d5b80000,0x00000000d5b80000)
  from space 1024K, 84% used [0x00000000d5d00000,0x00000000d5dd8000,0x00000000d5e00000)
  to   space 1024K, 0% used [0x00000000d5c00000,0x00000000d5c00000,0x00000000d5d00000)
 ParOldGen       total 672768K, used 672432K [0x0000000080000000, 0x00000000a9100000, 0x00000000d5580000)
  object space 672768K, 99% used [0x0000000080000000,0x00000000a90ac100,0x00000000a9100000)
 Metaspace       used 88047K, committed 89856K, reserved 1179648K
  class space    used 9116K, committed 9920K, reserved 1048576K
}
Event: 576.819 GC heap after
{Heap after GC invocations=1521 (full 4):
 PSYoungGen      total 7168K, used 800K [0x00000000d5580000, 0x00000000d5d80000, 0x0000000100000000)
  eden space 6144K, 0% used [0x00000000d5580000,0x00000000d5580000,0x00000000d5b80000)
  from space 1024K, 78% used [0x00000000d5c00000,0x00000000d5cc8000,0x00000000d5d00000)
  to   space 512K, 0% used [0x00000000d5d00000,0x00000000d5d00000,0x00000000d5d80000)
 ParOldGen       total 673280K, used 673112K [0x0000000080000000, 0x00000000a9180000, 0x00000000d5580000)
  object space 673280K, 99% used [0x0000000080000000,0x00000000a9156100,0x00000000a9180000)
 Metaspace       used 88047K, committed 89856K, reserved 1179648K
  class space    used 9116K, committed 9920K, reserved 1048576K
}
Event: 576.836 GC heap before
{Heap before GC invocations=1522 (full 4):
 PSYoungGen      total 7168K, used 6944K [0x00000000d5580000, 0x00000000d5d80000, 0x0000000100000000)
  eden space 6144K, 100% used [0x00000000d5580000,0x00000000d5b80000,0x00000000d5b80000)
  from space 1024K, 78% used [0x00000000d5c00000,0x00000000d5cc8000,0x00000000d5d00000)
  to   space 512K, 0% used [0x00000000d5d00000,0x00000000d5d00000,0x00000000d5d80000)
 ParOldGen       total 673280K, used 673112K [0x0000000080000000, 0x00000000a9180000, 0x00000000d5580000)
  object space 673280K, 99% used [0x0000000080000000,0x00000000a9156100,0x00000000a9180000)
 Metaspace       used 88059K, committed 89856K, reserved 1179648K
  class space    used 9119K, committed 9920K, reserved 1048576K
}
Event: 576.837 GC heap after
{Heap after GC invocations=1522 (full 4):
 PSYoungGen      total 6656K, used 448K [0x00000000d5580000, 0x00000000d5d80000, 0x0000000100000000)
  eden space 6144K, 0% used [0x00000000d5580000,0x00000000d5580000,0x00000000d5b80000)
  from space 512K, 87% used [0x00000000d5d00000,0x00000000d5d70000,0x00000000d5d80000)
  to   space 1024K, 0% used [0x00000000d5b80000,0x00000000d5b80000,0x00000000d5c80000)
 ParOldGen       total 673792K, used 673621K [0x0000000080000000, 0x00000000a9200000, 0x00000000d5580000)
  object space 673792K, 99% used [0x0000000080000000,0x00000000a91d5498,0x00000000a9200000)
 Metaspace       used 88059K, committed 89856K, reserved 1179648K
  class space    used 9119K, committed 9920K, reserved 1048576K
}
Event: 576.851 GC heap before
{Heap before GC invocations=1523 (full 4):
 PSYoungGen      total 6656K, used 6592K [0x00000000d5580000, 0x00000000d5d80000, 0x0000000100000000)
  eden space 6144K, 100% used [0x00000000d5580000,0x00000000d5b80000,0x00000000d5b80000)
  from space 512K, 87% used [0x00000000d5d00000,0x00000000d5d70000,0x00000000d5d80000)
  to   space 1024K, 0% used [0x00000000d5b80000,0x00000000d5b80000,0x00000000d5c80000)
 ParOldGen       total 673792K, used 673621K [0x0000000080000000, 0x00000000a9200000, 0x00000000d5580000)
  object space 673792K, 99% used [0x0000000080000000,0x00000000a91d5498,0x00000000a9200000)
 Metaspace       used 88171K, committed 89920K, reserved 1179648K
  class space    used 9135K, committed 9920K, reserved 1048576K
}
Event: 576.853 GC heap after
{Heap after GC invocations=1523 (full 4):
 PSYoungGen      total 7168K, used 512K [0x00000000d5580000, 0x00000000d5d80000, 0x0000000100000000)
  eden space 6144K, 0% used [0x00000000d5580000,0x00000000d5580000,0x00000000d5b80000)
  from space 1024K, 50% used [0x00000000d5b80000,0x00000000d5c00000,0x00000000d5c80000)
  to   space 1024K, 0% used [0x00000000d5c80000,0x00000000d5c80000,0x00000000d5d80000)
 ParOldGen       total 673792K, used 673709K [0x0000000080000000, 0x00000000a9200000, 0x00000000d5580000)
  object space 673792K, 99% used [0x0000000080000000,0x00000000a91eb498,0x00000000a9200000)
 Metaspace       used 88171K, committed 89920K, reserved 1179648K
  class space    used 9135K, committed 9920K, reserved 1048576K
}
Event: 576.868 GC heap before
{Heap before GC invocations=1524 (full 4):
 PSYoungGen      total 7168K, used 6656K [0x00000000d5580000, 0x00000000d5d80000, 0x0000000100000000)
  eden space 6144K, 100% used [0x00000000d5580000,0x00000000d5b80000,0x00000000d5b80000)
  from space 1024K, 50% used [0x00000000d5b80000,0x00000000d5c00000,0x00000000d5c80000)
  to   space 1024K, 0% used [0x00000000d5c80000,0x00000000d5c80000,0x00000000d5d80000)
 ParOldGen       total 673792K, used 673709K [0x0000000080000000, 0x00000000a9200000, 0x00000000d5580000)
  object space 673792K, 99% used [0x0000000080000000,0x00000000a91eb498,0x00000000a9200000)
 Metaspace       used 88331K, committed 90112K, reserved 1179648K
  class space    used 9155K, committed 9920K, reserved 1048576K
}
Event: 576.870 GC heap after
{Heap after GC invocations=1524 (full 4):
 PSYoungGen      total 6656K, used 1014K [0x00000000d5580000, 0x00000000d5e80000, 0x0000000100000000)
  eden space 5632K, 0% used [0x00000000d5580000,0x00000000d5580000,0x00000000d5b00000)
  from space 1024K, 99% used [0x00000000d5c80000,0x00000000d5d7d9e0,0x00000000d5d80000)
  to   space 1536K, 0% used [0x00000000d5b00000,0x00000000d5b00000,0x00000000d5c80000)
 ParOldGen       total 674304K, used 673837K [0x0000000080000000, 0x00000000a9280000, 0x00000000d5580000)
  object space 674304K, 99% used [0x0000000080000000,0x00000000a920b498,0x00000000a9280000)
 Metaspace       used 88331K, committed 90112K, reserved 1179648K
  class space    used 9155K, committed 9920K, reserved 1048576K
}
Event: 576.947 GC heap before
{Heap before GC invocations=1525 (full 4):
 PSYoungGen      total 6656K, used 6608K [0x00000000d5580000, 0x00000000d5e80000, 0x0000000100000000)
  eden space 5632K, 99% used [0x00000000d5580000,0x00000000d5af6a08,0x00000000d5b00000)
  from space 1024K, 99% used [0x00000000d5c80000,0x00000000d5d7d9e0,0x00000000d5d80000)
  to   space 1536K, 0% used [0x00000000d5b00000,0x00000000d5b00000,0x00000000d5c80000)
 ParOldGen       total 674304K, used 673837K [0x0000000080000000, 0x00000000a9280000, 0x00000000d5580000)
  object space 674304K, 99% used [0x0000000080000000,0x00000000a920b498,0x00000000a9280000)
 Metaspace       used 88801K, committed 90560K, reserved 1179648K
  class space    used 9202K, committed 9984K, reserved 1048576K
}
Event: 576.950 GC heap after
{Heap after GC invocations=1525 (full 4):
 PSYoungGen      total 6656K, used 688K [0x00000000d5580000, 0x00000000d5d00000, 0x0000000100000000)
  eden space 5632K, 0% used [0x00000000d5580000,0x00000000d5580000,0x00000000d5b00000)
  from space 1024K, 67% used [0x00000000d5b00000,0x00000000d5bac020,0x00000000d5c00000)
  to   space 1024K, 0% used [0x00000000d5c00000,0x00000000d5c00000,0x00000000d5d00000)
 ParOldGen       total 674816K, used 674634K [0x0000000080000000, 0x00000000a9300000, 0x00000000d5580000)
  object space 674816K, 99% used [0x0000000080000000,0x00000000a92d2928,0x00000000a9300000)
 Metaspace       used 88801K, committed 90560K, reserved 1179648K
  class space    used 9202K, committed 9984K, reserved 1048576K
}

Dll operation events (12 events):
Event: 0.011 Loaded shared library c:\Users\Hp 921\.vscode\extensions\redhat.java-1.54.0-win32-x64\jre\21.0.10-win32-x86_64\bin\java.dll
Event: 0.091 Loaded shared library c:\Users\Hp 921\.vscode\extensions\redhat.java-1.54.0-win32-x64\jre\21.0.10-win32-x86_64\bin\zip.dll
Event: 0.117 Loaded shared library C:\Users\Hp 921\.vscode\extensions\redhat.java-1.54.0-win32-x64\jre\21.0.10-win32-x86_64\bin\instrument.dll
Event: 0.122 Loaded shared library C:\Users\Hp 921\.vscode\extensions\redhat.java-1.54.0-win32-x64\jre\21.0.10-win32-x86_64\bin\net.dll
Event: 0.124 Loaded shared library C:\Users\Hp 921\.vscode\extensions\redhat.java-1.54.0-win32-x64\jre\21.0.10-win32-x86_64\bin\nio.dll
Event: 0.127 Loaded shared library C:\Users\Hp 921\.vscode\extensions\redhat.java-1.54.0-win32-x64\jre\21.0.10-win32-x86_64\bin\zip.dll
Event: 0.146 Loaded shared library C:\Users\Hp 921\.vscode\extensions\redhat.java-1.54.0-win32-x64\jre\21.0.10-win32-x86_64\bin\jimage.dll
Event: 0.228 Loaded shared library c:\Users\Hp 921\.vscode\extensions\redhat.java-1.54.0-win32-x64\jre\21.0.10-win32-x86_64\bin\verify.dll
Event: 1.529 Loaded shared library C:\Users\Hp 921\AppData\Roaming\Code\User\globalStorage\redhat.java\1.54.0\config_win\org.eclipse.equinox.launcher\org.eclipse.equinox.launcher.win32.win32.x86_64_1.3.0.v20260203-2149\eclipse_11919.dll
Event: 4.541 Loaded shared library C:\Users\Hp 921\AppData\Local\Temp\jna--2129224384\jna7705784113607880078.dll
Event: 11.494 Loaded shared library C:\Users\Hp 921\.vscode\extensions\redhat.java-1.54.0-win32-x64\jre\21.0.10-win32-x86_64\bin\extnet.dll
Event: 576.303 Loaded shared library C:\Users\Hp 921\.vscode\extensions\redhat.java-1.54.0-win32-x64\jre\21.0.10-win32-x86_64\bin\sunmscapi.dll

Deoptimization events (20 events):
Event: 576.920 Thread 0x0000016cc3bbe6e0 Uncommon trap: trap_request=0xffffffc6 fr.pc=0x0000016cecd3ddc0 relative=0x00000000000003c0
Event: 576.920 Thread 0x0000016cc3bbe6e0 Uncommon trap: reason=bimorphic_or_optimized_type_check action=maybe_recompile pc=0x0000016cecd3ddc0 method=sun.security.util.math.intpoly.IntegerPolynomial.multByInt([JJ)V @ 26 c2
Event: 576.920 Thread 0x0000016cc3bbe6e0 DEOPT PACKING pc=0x0000016cecd3ddc0 sp=0x0000003c8e0fddf0
Event: 576.920 Thread 0x0000016cc3bbe6e0 DEOPT UNPACKING pc=0x0000016ceb093aa2 sp=0x0000003c8e0fdd30 mode 2
Event: 576.920 Thread 0x0000016cc3bbe6e0 Uncommon trap: trap_request=0xffffffc6 fr.pc=0x0000016cecd3ddc0 relative=0x00000000000003c0
Event: 576.920 Thread 0x0000016cc3bbe6e0 Uncommon trap: reason=bimorphic_or_optimized_type_check action=maybe_recompile pc=0x0000016cecd3ddc0 method=sun.security.util.math.intpoly.IntegerPolynomial.multByInt([JJ)V @ 26 c2
Event: 576.920 Thread 0x0000016cc3bbe6e0 DEOPT PACKING pc=0x0000016cecd3ddc0 sp=0x0000003c8e0fddf0
Event: 576.920 Thread 0x0000016cc3bbe6e0 DEOPT UNPACKING pc=0x0000016ceb093aa2 sp=0x0000003c8e0fdd30 mode 2
Event: 576.920 Thread 0x0000016cc3bbe6e0 Uncommon trap: trap_request=0xffffffc6 fr.pc=0x0000016cecd3ddc0 relative=0x00000000000003c0
Event: 576.920 Thread 0x0000016cc3bbe6e0 Uncommon trap: reason=bimorphic_or_optimized_type_check action=maybe_recompile pc=0x0000016cecd3ddc0 method=sun.security.util.math.intpoly.IntegerPolynomial.multByInt([JJ)V @ 26 c2
Event: 576.920 Thread 0x0000016cc3bbe6e0 DEOPT PACKING pc=0x0000016cecd3ddc0 sp=0x0000003c8e0fddf0
Event: 576.920 Thread 0x0000016cc3bbe6e0 DEOPT UNPACKING pc=0x0000016ceb093aa2 sp=0x0000003c8e0fdd30 mode 2
Event: 576.920 Thread 0x0000016cc3bbe6e0 Uncommon trap: trap_request=0xffffffc6 fr.pc=0x0000016cecd3ddc0 relative=0x00000000000003c0
Event: 576.920 Thread 0x0000016cc3bbe6e0 Uncommon trap: reason=bimorphic_or_optimized_type_check action=maybe_recompile pc=0x0000016cecd3ddc0 method=sun.security.util.math.intpoly.IntegerPolynomial.multByInt([JJ)V @ 26 c2
Event: 576.920 Thread 0x0000016cc3bbe6e0 DEOPT PACKING pc=0x0000016cecd3ddc0 sp=0x0000003c8e0fddf0
Event: 576.920 Thread 0x0000016cc3bbe6e0 DEOPT UNPACKING pc=0x0000016ceb093aa2 sp=0x0000003c8e0fdd30 mode 2
Event: 576.921 Thread 0x0000016cc3bbe6e0 Uncommon trap: trap_request=0xffffffc6 fr.pc=0x0000016cecd32c38 relative=0x00000000000002f8
Event: 576.921 Thread 0x0000016cc3bbe6e0 Uncommon trap: reason=bimorphic_or_optimized_type_check action=maybe_recompile pc=0x0000016cecd32c38 method=sun.security.util.math.intpoly.IntegerPolynomial.multByInt([JJ)V @ 26 c2
Event: 576.921 Thread 0x0000016cc3bbe6e0 DEOPT PACKING pc=0x0000016cecd32c38 sp=0x0000003c8e0fdd60
Event: 576.921 Thread 0x0000016cc3bbe6e0 DEOPT UNPACKING pc=0x0000016ceb093aa2 sp=0x0000003c8e0fdd30 mode 2

Classes loaded (20 events):
Event: 576.945 Loading class java/time/Month
Event: 576.945 Loading class java/time/Month done
Event: 576.945 Loading class sun/security/validator/EntrustTLSPolicy
Event: 576.946 Loading class sun/security/validator/EntrustTLSPolicy done
Event: 576.946 Loading class sun/security/validator/CamerfirmaTLSPolicy
Event: 576.946 Loading class sun/security/validator/CamerfirmaTLSPolicy done
Event: 576.946 Loading class sun/security/util/AnchorCertificates
Event: 576.946 Loading class sun/security/util/AnchorCertificates done
Event: 576.946 Loading class sun/security/util/AnchorCertificates$1
Event: 576.946 Loading class sun/security/util/AnchorCertificates$1 done
Event: 576.946 Loading class sun/security/provider/JavaKeyStore$DualFormatJKS
Event: 576.946 Loading class sun/security/provider/JavaKeyStore$DualFormatJKS done
Event: 576.962 Loading class sun/security/util/HostnameChecker
Event: 576.963 Loading class sun/security/util/HostnameChecker done
Event: 576.963 Loading class sun/security/ssl/X509Authentication$X509Credentials
Event: 576.964 Loading class sun/security/ssl/X509Authentication$X509Credentials done
Event: 576.964 Loading class sun/security/ssl/CertificateVerify$T13CertificateVerifyMessage
Event: 576.965 Loading class sun/security/ssl/CertificateVerify$T13CertificateVerifyMessage done
Event: 576.965 Loading class sun/security/util/math/IntegerModuloP$MultiplicativeInverser$Secp256R1Field
Event: 576.966 Loading class sun/security/util/math/IntegerModuloP$MultiplicativeInverser$Secp256R1Field done

Classes unloaded (17 events):
Event: 4.976 Thread 0x0000016cf7484a30 Unloading class 0x0000016c811ad400 'java/lang/invoke/LambdaForm$MH+0x0000016c811ad400'
Event: 4.976 Thread 0x0000016cf7484a30 Unloading class 0x0000016c811ad000 'java/lang/invoke/LambdaForm$MH+0x0000016c811ad000'
Event: 4.976 Thread 0x0000016cf7484a30 Unloading class 0x0000016c811acc00 'java/lang/invoke/LambdaForm$MH+0x0000016c811acc00'
Event: 4.976 Thread 0x0000016cf7484a30 Unloading class 0x0000016c811ac800 'java/lang/invoke/LambdaForm$MH+0x0000016c811ac800'
Event: 4.976 Thread 0x0000016cf7484a30 Unloading class 0x0000016c811ac400 'java/lang/invoke/LambdaForm$BMH+0x0000016c811ac400'
Event: 4.976 Thread 0x0000016cf7484a30 Unloading class 0x0000016c811ac000 'java/lang/invoke/LambdaForm$DMH+0x0000016c811ac000'
Event: 4.976 Thread 0x0000016cf7484a30 Unloading class 0x0000016c811aac00 'java/lang/invoke/LambdaForm$DMH+0x0000016c811aac00'
Event: 10.203 Thread 0x0000016cf7484a30 Unloading class 0x0000016c81692c00 'java/lang/invoke/LambdaForm$MH+0x0000016c81692c00'
Event: 10.203 Thread 0x0000016cf7484a30 Unloading class 0x0000016c81692400 'java/lang/invoke/LambdaForm$MH+0x0000016c81692400'
Event: 10.203 Thread 0x0000016cf7484a30 Unloading class 0x0000016c81691c00 'java/lang/invoke/LambdaForm$MH+0x0000016c81691c00'
Event: 10.203 Thread 0x0000016cf7484a30 Unloading class 0x0000016c81691800 'java/lang/invoke/LambdaForm$MH+0x0000016c81691800'
Event: 10.203 Thread 0x0000016cf7484a30 Unloading class 0x0000016c81690c00 'java/lang/invoke/LambdaForm$MH+0x0000016c81690c00'
Event: 10.203 Thread 0x0000016cf7484a30 Unloading class 0x0000016c81690400 'java/lang/invoke/LambdaForm$MH+0x0000016c81690400'
Event: 10.203 Thread 0x0000016cf7484a30 Unloading class 0x0000016c81686c00 'java/lang/invoke/LambdaForm$MH+0x0000016c81686c00'
Event: 10.203 Thread 0x0000016cf7484a30 Unloading class 0x0000016c81686400 'java/lang/invoke/LambdaForm$MH+0x0000016c81686400'
Event: 10.203 Thread 0x0000016cf7484a30 Unloading class 0x0000016c81684800 'java/lang/invoke/LambdaForm$MH+0x0000016c81684800'
Event: 10.203 Thread 0x0000016cf7484a30 Unloading class 0x0000016c81684400 'java/lang/invoke/LambdaForm$MH+0x0000016c81684400'

Classes redefined (0 events):
No events

Internal exceptions (20 events):
Event: 431.396 Thread 0x0000016cc41b9a30 Exception <a 'sun/nio/fs/WindowsException'{0x00000000d55ec688}> (0x00000000d55ec688) 
thrown [s\src\hotspot\share\prims\jni.cpp, line 520]
Event: 431.396 Thread 0x0000016cc41b9a30 Exception <a 'sun/nio/fs/WindowsException'{0x00000000d55eccb8}> (0x00000000d55eccb8) 
thrown [s\src\hotspot\share\prims\jni.cpp, line 520]
Event: 431.396 Thread 0x0000016cc41b9a30 Exception <a 'sun/nio/fs/WindowsException'{0x00000000d55ed8f8}> (0x00000000d55ed8f8) 
thrown [s\src\hotspot\share\prims\jni.cpp, line 520]
Event: 431.396 Thread 0x0000016cc41b9a30 Exception <a 'sun/nio/fs/WindowsException'{0x00000000d55edf28}> (0x00000000d55edf28) 
thrown [s\src\hotspot\share\prims\jni.cpp, line 520]
Event: 431.428 Thread 0x0000016cc43c6760 Exception <a 'sun/nio/fs/WindowsException'{0x00000000d568e748}> (0x00000000d568e748) 
thrown [s\src\hotspot\share\prims\jni.cpp, line 520]
Event: 431.428 Thread 0x0000016cc43c6760 Exception <a 'sun/nio/fs/WindowsException'{0x00000000d568edb8}> (0x00000000d568edb8) 
thrown [s\src\hotspot\share\prims\jni.cpp, line 520]
Event: 433.823 Thread 0x0000016cffbe2fe0 Implicit null exception at 0x0000016cec863e84 to 0x0000016cec86550d
Event: 433.824 Thread 0x0000016cffbe2fe0 Exception <a 'sun/nio/fs/WindowsException'{0x00000000d5726f00}> (0x00000000d5726f00) 
thrown [s\src\hotspot\share\prims\jni.cpp, line 520]
Event: 534.009 Thread 0x0000016cc41b65b0 Implicit null exception at 0x0000016cec70a561 to 0x0000016cec70a5dd
Event: 575.125 Thread 0x0000016cffe8c4a0 Implicit null exception at 0x0000016cec82dcfe to 0x0000016cec82dfd0
Event: 575.126 Thread 0x0000016cffe8c4a0 Implicit null exception at 0x0000016cec721807 to 0x0000016cec721acc
Event: 575.241 Thread 0x0000016cc43c6df0 Implicit null exception at 0x0000016cebaf5722 to 0x0000016cebaf5b44
Event: 576.284 Thread 0x0000016cc43c6df0 Implicit null exception at 0x0000016cecad3737 to 0x0000016cecad5060
Event: 576.334 Thread 0x0000016cc3bbe6e0 Exception <a 'sun/nio/fs/WindowsException'{0x00000000d5790b18}> (0x00000000d5790b18) 
thrown [s\src\hotspot\share\prims\jni.cpp, line 520]
Event: 576.464 Thread 0x0000016cc3bbe6e0 Implicit null exception at 0x0000016cebc1fac2 to 0x0000016cebc20210
Event: 576.464 Thread 0x0000016cc3bbe6e0 Implicit null exception at 0x0000016ceba4beeb to 0x0000016ceba4c8ac
Event: 576.814 Thread 0x0000016cffe8c4a0 Exception <a 'java/lang/ArrayIndexOutOfBoundsException'{0x00000000d5ae8780}: Index 2219 out of bounds for length 2219> (0x00000000d5ae8780) 
thrown [s\src\hotspot\share\interpreter\interpreterRuntime.cpp, line 439]
Event: 576.814 Thread 0x0000016cffe8c4a0 Exception <a 'java/lang/ArrayIndexOutOfBoundsException'{0x00000000d5ae8d58}: Index 2220 out of bounds for length 2219> (0x00000000d5ae8d58) 
thrown [s\src\hotspot\share\interpreter\interpreterRuntime.cpp, line 439]
Event: 576.814 Thread 0x0000016cffe8c4a0 Exception <a 'java/lang/ArrayIndexOutOfBoundsException'{0x00000000d5aea318}: Index 2219 out of bounds for length 2219> (0x00000000d5aea318) 
thrown [s\src\hotspot\share\interpreter\interpreterRuntime.cpp, line 439]
Event: 576.827 Thread 0x0000016cffe8c4a0 Implicit null exception at 0x0000016cec244432 to 0x0000016cec246100

ZGC Phase Switch (0 events):
No events

VM Operations (20 events):
Event: 576.754 Executing safepoint VM operation: ParallelGCFailedAllocation (Allocation Failure)
Event: 576.756 Executing safepoint VM operation: ParallelGCFailedAllocation (Allocation Failure) done
Event: 576.760 Executing safepoint VM operation: ParallelGCFailedAllocation (Allocation Failure)
Event: 576.762 Executing safepoint VM operation: ParallelGCFailedAllocation (Allocation Failure) done
Event: 576.768 Executing safepoint VM operation: ParallelGCFailedAllocation (Allocation Failure)
Event: 576.770 Executing safepoint VM operation: ParallelGCFailedAllocation (Allocation Failure) done
Event: 576.779 Executing safepoint VM operation: ParallelGCFailedAllocation (Allocation Failure)
Event: 576.780 Executing safepoint VM operation: ParallelGCFailedAllocation (Allocation Failure) done
Event: 576.803 Executing non-safepoint VM operation: HandshakeAllThreads (Deoptimize)
Event: 576.803 Executing non-safepoint VM operation: HandshakeAllThreads (Deoptimize) done
Event: 576.817 Executing safepoint VM operation: ParallelGCFailedAllocation (Allocation Failure)
Event: 576.819 Executing safepoint VM operation: ParallelGCFailedAllocation (Allocation Failure) done
Event: 576.835 Executing safepoint VM operation: ParallelGCFailedAllocation (Allocation Failure)
Event: 576.837 Executing safepoint VM operation: ParallelGCFailedAllocation (Allocation Failure) done
Event: 576.851 Executing safepoint VM operation: ParallelGCFailedAllocation (Allocation Failure)
Event: 576.853 Executing safepoint VM operation: ParallelGCFailedAllocation (Allocation Failure) done
Event: 576.868 Executing safepoint VM operation: ParallelGCFailedAllocation (Allocation Failure)
Event: 576.870 Executing safepoint VM operation: ParallelGCFailedAllocation (Allocation Failure) done
Event: 576.947 Executing safepoint VM operation: ParallelGCFailedAllocation (Allocation Failure)
Event: 576.950 Executing safepoint VM operation: ParallelGCFailedAllocation (Allocation Failure) done

Memory protections (0 events):
No events

Nmethod flushes (20 events):
Event: 136.503 Thread 0x0000016cf7484a30 flushing  nmethod 0x0000016ce4cceb10
Event: 136.503 Thread 0x0000016cf7484a30 flushing  nmethod 0x0000016ce4cd5a10
Event: 136.503 Thread 0x0000016cf7484a30 flushing  nmethod 0x0000016ce4cd5f10
Event: 136.503 Thread 0x0000016cf7484a30 flushing  nmethod 0x0000016ce4cdfb90
Event: 136.503 Thread 0x0000016cf7484a30 flushing  nmethod 0x0000016ce4ce4510
Event: 136.503 Thread 0x0000016cf7484a30 flushing  nmethod 0x0000016ce4cf4290
Event: 136.503 Thread 0x0000016cf7484a30 flushing  nmethod 0x0000016ce4cfa710
Event: 136.503 Thread 0x0000016cf7484a30 flushing  nmethod 0x0000016ce4cfda90
Event: 136.503 Thread 0x0000016cf7484a30 flushing  nmethod 0x0000016ce4d0d890
Event: 136.503 Thread 0x0000016cf7484a30 flushing  nmethod 0x0000016ce4d10e90
Event: 136.503 Thread 0x0000016cf7484a30 flushing  nmethod 0x0000016ce4d14b10
Event: 136.503 Thread 0x0000016cf7484a30 flushing  nmethod 0x0000016ce4d19c90
Event: 136.503 Thread 0x0000016cf7484a30 flushing  nmethod 0x0000016ce4d26690
Event: 136.503 Thread 0x0000016cf7484a30 flushing  nmethod 0x0000016ce4d2bb10
Event: 136.503 Thread 0x0000016cf7484a30 flushing  nmethod 0x0000016ce4d7b690
Event: 136.503 Thread 0x0000016cf7484a30 flushing  nmethod 0x0000016ce4d8de10
Event: 136.503 Thread 0x0000016cf7484a30 flushing  nmethod 0x0000016ce4d8e190
Event: 136.503 Thread 0x0000016cf7484a30 flushing  nmethod 0x0000016ce4dac290
Event: 136.503 Thread 0x0000016cf7484a30 flushing  nmethod 0x0000016ce4db0890
Event: 136.503 Thread 0x0000016cf7484a30 flushing  nmethod 0x0000016ce4db0e90

Events (20 events):
Event: 561.840 Thread 0x0000016cc43cce80 Thread exited: 0x0000016cc43cce80
Event: 562.402 Thread 0x0000016cc43cf760 Thread exited: 0x0000016cc43cf760
Event: 572.727 Thread 0x0000016cc43cd550 Thread exited: 0x0000016cc43cd550
Event: 574.438 Thread 0x0000016cf8a52900 Thread added: 0x0000016cc43cf090
Event: 574.438 Thread 0x0000016cf8a52900 Thread added: 0x0000016cc43d12a0
Event: 574.736 Thread 0x0000016cc43d12a0 Thread exited: 0x0000016cc43d12a0
Event: 574.742 Thread 0x0000016cf8a5c690 Thread added: 0x0000016cc43cce80
Event: 574.978 Thread 0x0000016cc43cf090 Thread exited: 0x0000016cc43cf090
Event: 575.138 Thread 0x0000016cf8a5c690 Thread added: 0x0000016cc43d0500
Event: 575.139 Thread 0x0000016cf8a52900 Thread added: 0x0000016cc43ce2f0
Event: 575.245 Thread 0x0000016cc43cce80 Thread added: 0x0000016cc43cc0e0
Event: 575.424 Thread 0x0000016cc43ce2f0 Thread exited: 0x0000016cc43ce2f0
Event: 575.744 Thread 0x0000016cc43d0500 Thread exited: 0x0000016cc43d0500
Event: 576.110 Thread 0x0000016cf8a5c690 Thread added: 0x0000016cc43cf090
Event: 576.132 Thread 0x0000016cf8a52900 Thread added: 0x0000016cc43cd550
Event: 576.286 Thread 0x0000016cc43c6df0 Thread added: 0x0000016cc3bbe6e0
Event: 576.420 Thread 0x0000016cc43cce80 Thread added: 0x0000016cc43ce2f0
Event: 576.437 Thread 0x0000016cc43cc0e0 Thread added: 0x0000016cc43cf760
Event: 576.777 Thread 0x0000016cc43cd550 Thread added: 0x0000016cc43cfe30
Event: 576.787 Thread 0x0000016cc43cce80 Thread added: 0x0000016cc43d0500


Dynamic libraries:
0x00007ff6a28a0000 - 0x00007ff6a28ae000 	c:\Users\Hp 921\.vscode\extensions\redhat.java-1.54.0-win32-x64\jre\21.0.10-win32-x86_64\bin\java.exe
0x00007ff96ad50000 - 0x00007ff96af68000 	C:\Windows\SYSTEM32\ntdll.dll
0x00007ff968f00000 - 0x00007ff968fc4000 	C:\Windows\System32\KERNEL32.DLL
0x00007ff9684f0000 - 0x00007ff9688c3000 	C:\Windows\System32\KERNELBASE.dll
0x00007ff968150000 - 0x00007ff968261000 	C:\Windows\System32\ucrtbase.dll
0x00007ff952f60000 - 0x00007ff952f78000 	c:\Users\Hp 921\.vscode\extensions\redhat.java-1.54.0-win32-x64\jre\21.0.10-win32-x86_64\bin\jli.dll
0x00007ff952f80000 - 0x00007ff952f9e000 	c:\Users\Hp 921\.vscode\extensions\redhat.java-1.54.0-win32-x64\jre\21.0.10-win32-x86_64\bin\VCRUNTIME140.dll
0x00007ff9697d0000 - 0x00007ff969982000 	C:\Windows\System32\USER32.dll
0x00007ff968120000 - 0x00007ff968146000 	C:\Windows\System32\win32u.dll
0x00007ff94e390000 - 0x00007ff94e62c000 	C:\Windows\WinSxS\amd64_microsoft.windows.common-controls_6595b64144ccf1df_6.0.22621.6060_none_2712eda17382d24b\COMCTL32.dll
0x00007ff968b00000 - 0x00007ff968b29000 	C:\Windows\System32\GDI32.dll
0x00007ff96aba0000 - 0x00007ff96ac47000 	C:\Windows\System32\msvcrt.dll
0x00007ff9688d0000 - 0x00007ff9689eb000 	C:\Windows\System32\gdi32full.dll
0x00007ff968000000 - 0x00007ff96809a000 	C:\Windows\System32\msvcp_win.dll
0x00007ff96aad0000 - 0x00007ff96ab01000 	C:\Windows\System32\IMM32.DLL
0x00007ff9631d0000 - 0x00007ff9631dc000 	c:\Users\Hp 921\.vscode\extensions\redhat.java-1.54.0-win32-x64\jre\21.0.10-win32-x86_64\bin\vcruntime140_1.dll
0x00007ff9253a0000 - 0x00007ff92542d000 	c:\Users\Hp 921\.vscode\extensions\redhat.java-1.54.0-win32-x64\jre\21.0.10-win32-x86_64\bin\msvcp140.dll
0x00007ff913bf0000 - 0x00007ff914991000 	c:\Users\Hp 921\.vscode\extensions\redhat.java-1.54.0-win32-x64\jre\21.0.10-win32-x86_64\bin\server\jvm.dll
0x00007ff9696f0000 - 0x00007ff9697a1000 	C:\Windows\System32\ADVAPI32.dll
0x00007ff96ac60000 - 0x00007ff96ad08000 	C:\Windows\System32\sechost.dll
0x00007ff967e60000 - 0x00007ff967e88000 	C:\Windows\System32\bcrypt.dll
0x00007ff968dd0000 - 0x00007ff968ee8000 	C:\Windows\System32\RPCRT4.dll
0x00007ff96a080000 - 0x00007ff96a0f1000 	C:\Windows\System32\WS2_32.dll
0x00007ff967d30000 - 0x00007ff967d7d000 	C:\Windows\SYSTEM32\POWRPROF.dll
0x00007ff962fe0000 - 0x00007ff963014000 	C:\Windows\SYSTEM32\WINMM.dll
0x00007ff95f0e0000 - 0x00007ff95f0ea000 	C:\Windows\SYSTEM32\VERSION.dll
0x00007ff967d10000 - 0x00007ff967d23000 	C:\Windows\SYSTEM32\UMPDC.dll
0x00007ff966e00000 - 0x00007ff966e18000 	C:\Windows\SYSTEM32\kernel.appcore.dll
0x00007ff9610d0000 - 0x00007ff9610da000 	c:\Users\Hp 921\.vscode\extensions\redhat.java-1.54.0-win32-x64\jre\21.0.10-win32-x86_64\bin\jimage.dll
0x00007ff965760000 - 0x00007ff965993000 	C:\Windows\SYSTEM32\DBGHELP.DLL
0x00007ff969a10000 - 0x00007ff969da1000 	C:\Windows\System32\combase.dll
0x00007ff968cf0000 - 0x00007ff968dc8000 	C:\Windows\System32\OLEAUT32.dll
0x00007ff946c00000 - 0x00007ff946c32000 	C:\Windows\SYSTEM32\dbgcore.DLL
0x00007ff9680a0000 - 0x00007ff96811b000 	C:\Windows\System32\bcryptPrimitives.dll
0x00007ff961090000 - 0x00007ff96109f000 	c:\Users\Hp 921\.vscode\extensions\redhat.java-1.54.0-win32-x64\jre\21.0.10-win32-x86_64\bin\instrument.dll
0x00007ff952170000 - 0x00007ff952190000 	c:\Users\Hp 921\.vscode\extensions\redhat.java-1.54.0-win32-x64\jre\21.0.10-win32-x86_64\bin\java.dll
0x00007ff96a200000 - 0x00007ff96aa9c000 	C:\Windows\System32\SHELL32.dll
0x00007ff968330000 - 0x00007ff96846f000 	C:\Windows\System32\wintypes.dll
0x00007ff965d10000 - 0x00007ff96662a000 	C:\Windows\SYSTEM32\windows.storage.dll
0x00007ff9689f0000 - 0x00007ff968af4000 	C:\Windows\System32\SHCORE.dll
0x00007ff969680000 - 0x00007ff9696e9000 	C:\Windows\System32\shlwapi.dll
0x00007ff967d90000 - 0x00007ff967db5000 	C:\Windows\SYSTEM32\profapi.dll
0x00007ff952220000 - 0x00007ff952238000 	c:\Users\Hp 921\.vscode\extensions\redhat.java-1.54.0-win32-x64\jre\21.0.10-win32-x86_64\bin\zip.dll
0x00007ff960fa0000 - 0x00007ff960fb0000 	C:\Users\Hp 921\.vscode\extensions\redhat.java-1.54.0-win32-x64\jre\21.0.10-win32-x86_64\bin\net.dll
0x00007ff964490000 - 0x00007ff9645bc000 	C:\Windows\SYSTEM32\WINHTTP.dll
0x00007ff9672c0000 - 0x00007ff967329000 	C:\Windows\system32\mswsock.dll
0x00007ff951a60000 - 0x00007ff951a76000 	C:\Users\Hp 921\.vscode\extensions\redhat.java-1.54.0-win32-x64\jre\21.0.10-win32-x86_64\bin\nio.dll
0x00007ff95a2c0000 - 0x00007ff95a2d0000 	c:\Users\Hp 921\.vscode\extensions\redhat.java-1.54.0-win32-x64\jre\21.0.10-win32-x86_64\bin\verify.dll
0x00007ff949300000 - 0x00007ff949345000 	C:\Users\Hp 921\AppData\Roaming\Code\User\globalStorage\redhat.java\1.54.0\config_win\org.eclipse.equinox.launcher\org.eclipse.equinox.launcher.win32.win32.x86_64_1.3.0.v20260203-2149\eclipse_11919.dll
0x00007ff968fd0000 - 0x00007ff969171000 	C:\Windows\System32\ole32.dll
0x00007ff967610000 - 0x00007ff96762b000 	C:\Windows\SYSTEM32\CRYPTSP.dll
0x00007ff966d60000 - 0x00007ff966d97000 	C:\Windows\system32\rsaenh.dll
0x00007ff967360000 - 0x00007ff967388000 	C:\Windows\SYSTEM32\USERENV.dll
0x00007ff9675f0000 - 0x00007ff9675fc000 	C:\Windows\SYSTEM32\CRYPTBASE.dll
0x00007ff966890000 - 0x00007ff9668bd000 	C:\Windows\SYSTEM32\IPHLPAPI.DLL
0x00007ff969990000 - 0x00007ff969999000 	C:\Windows\System32\NSI.dll
0x00007ff946400000 - 0x00007ff946449000 	C:\Users\Hp 921\AppData\Local\Temp\jna--2129224384\jna7705784113607880078.dll
0x00007ff96aaa0000 - 0x00007ff96aaa8000 	C:\Windows\System32\PSAPI.DLL
0x00007ff963510000 - 0x00007ff963529000 	C:\Windows\SYSTEM32\dhcpcsvc6.DLL
0x00007ff9633e0000 - 0x00007ff9633ff000 	C:\Windows\SYSTEM32\dhcpcsvc.DLL
0x00007ff966f10000 - 0x00007ff966f44000 	C:\Windows\SYSTEM32\ntmarta.dll
0x00007ff9530f0000 - 0x00007ff9530f9000 	C:\Users\Hp 921\.vscode\extensions\redhat.java-1.54.0-win32-x64\jre\21.0.10-win32-x86_64\bin\extnet.dll
0x00007ff964100000 - 0x00007ff96410e000 	C:\Users\Hp 921\.vscode\extensions\redhat.java-1.54.0-win32-x64\jre\21.0.10-win32-x86_64\bin\sunmscapi.dll
0x00007ff967e90000 - 0x00007ff967ff8000 	C:\Windows\System32\CRYPT32.dll
0x00007ff967730000 - 0x00007ff96775e000 	C:\Windows\SYSTEM32\ncrypt.dll
0x00007ff9676f0000 - 0x00007ff967727000 	C:\Windows\SYSTEM32\NTASN1.dll
0x00007ff9668c0000 - 0x00007ff9669b8000 	C:\Windows\SYSTEM32\DNSAPI.dll
0x00007ff963500000 - 0x00007ff96350a000 	C:\Windows\System32\rasadhlp.dll
0x00007ff962af0000 - 0x00007ff962b74000 	C:\Windows\System32\fwpuclnt.dll

JVMTI agents:
c:\Users\Hp 921\.vscode\extensions\redhat.java-1.54.0-win32-x64\lombok\lombok-1.18.39-4050.jar path:c:\Users\Hp 921\.vscode\extensions\redhat.java-1.54.0-win32-x64\jre\21.0.10-win32-x86_64\bin\instrument.dll, loaded, initialized, instrumentlib options:none

dbghelp: loaded successfully - version: 4.0.5 - missing functions: none
symbol engine: initialized successfully - sym options: 0x614 - pdb path: .;c:\Users\Hp 921\.vscode\extensions\redhat.java-1.54.0-win32-x64\jre\21.0.10-win32-x86_64\bin;C:\Windows\SYSTEM32;C:\Windows\WinSxS\amd64_microsoft.windows.common-controls_6595b64144ccf1df_6.0.22621.6060_none_2712eda17382d24b;c:\Users\Hp 921\.vscode\extensions\redhat.java-1.54.0-win32-x64\jre\21.0.10-win32-x86_64\bin\server;C:\Users\Hp 921\AppData\Roaming\Code\User\globalStorage\redhat.java\1.54.0\config_win\org.eclipse.equinox.launcher\org.eclipse.equinox.launcher.win32.win32.x86_64_1.3.0.v20260203-2149;C:\Users\Hp 921\AppData\Local\Temp\jna--2129224384

VM Arguments:
jvm_args: --add-modules=ALL-SYSTEM --add-opens=java.base/java.util=ALL-UNNAMED --add-opens=java.base/java.lang=ALL-UNNAMED --add-opens=java.base/sun.nio.fs=ALL-UNNAMED -Declipse.application=org.eclipse.jdt.ls.core.id1 -Dosgi.bundles.defaultStartLevel=4 -Declipse.product=org.eclipse.jdt.ls.core.product -Djava.import.generatesMetadataFilesAtProjectRoot=false -DDetectVMInstallationsJob.disabled=true -Dfile.encoding=utf8 -XX:+UseParallelGC -XX:GCTimeRatio=4 -XX:AdaptiveSizePolicyWeight=90 -Dsun.zip.disableMemoryMapping=true -Xmx2G -Xms100m -Xlog:disable -javaagent:c:\Users\Hp 921\.vscode\extensions\redhat.java-1.54.0-win32-x64\lombok\lombok-1.18.39-4050.jar -XX:+HeapDumpOnOutOfMemoryError -XX:HeapDumpPath=c:\Users\Hp 921\AppData\Roaming\Code\User\workspaceStorage\1df0127adcf93e1a27ed126523d283ea\redhat.java -Daether.dependencyCollector.impl=bf 
java_command: c:\Users\Hp 921\.vscode\extensions\redhat.java-1.54.0-win32-x64\server\plugins\org.eclipse.equinox.launcher_1.7.100.v20251111-0406.jar -configuration c:\Users\Hp 921\AppData\Roaming\Code\User\globalStorage\redhat.java\1.54.0\config_win -data c:\Users\Hp 921\AppData\Roaming\Code\User\workspaceStorage\1df0127adcf93e1a27ed126523d283ea\redhat.java\jdt_ws --pipe=\\.\pipe\lsp-4066b434bca54084b846854e699e4932-sock
java_class_path (initial): c:\Users\Hp 921\.vscode\extensions\redhat.java-1.54.0-win32-x64\server\plugins\org.eclipse.equinox.launcher_1.7.100.v20251111-0406.jar
Launcher Type: SUN_STANDARD

[Global flags]
    uintx AdaptiveSizePolicyWeight                 = 90                                        {product} {command line}
     intx CICompilerCount                          = 12                                        {product} {ergonomic}
    uintx GCTimeRatio                              = 4                                         {product} {command line}
     bool HeapDumpOnOutOfMemoryError               = true                                   {manageable} {command line}
    ccstr HeapDumpPath                             = c:\Users\Hp 921\AppData\Roaming\Code\User\workspaceStorage\1df0127adcf93e1a27ed126523d283ea\redhat.java         {manageable} {command line}
   size_t InitialHeapSize                          = 104857600                                 {product} {command line}
   size_t MaxHeapSize                              = 2147483648                                {product} {command line}
   size_t MaxNewSize                               = 715653120                                 {product} {ergonomic}
   size_t MinHeapDeltaBytes                        = 524288                                    {product} {ergonomic}
   size_t MinHeapSize                              = 104857600                                 {product} {command line}
   size_t NewSize                                  = 34603008                                  {product} {ergonomic}
    uintx NonNMethodCodeHeapSize                   = 7602480                                {pd product} {ergonomic}
    uintx NonProfiledCodeHeapSize                  = 122027880                              {pd product} {ergonomic}
   size_t OldSize                                  = 70254592                                  {product} {ergonomic}
    uintx ProfiledCodeHeapSize                     = 122027880                              {pd product} {ergonomic}
    uintx ReservedCodeCacheSize                    = 251658240                              {pd product} {ergonomic}
     bool SegmentedCodeCache                       = true                                      {product} {ergonomic}
   size_t SoftMaxHeapSize                          = 2147483648                             {manageable} {ergonomic}
     bool UseCompressedOops                        = true                           {product lp64_product} {ergonomic}
     bool UseLargePagesIndividualAllocation        = false                                  {pd product} {ergonomic}
     bool UseParallelGC                            = true                                      {product} {command line}

Logging:
Log output configuration:
 #0: stdout all=off uptime,level,tags foldmultilines=false
 #1: stderr all=off uptime,level,tags foldmultilines=false

Release file:
JAVA_VERSION="21.0.10" 
MODULES="java.base java.compiler java.datatransfer java.xml java.prefs java.desktop java.instrument java.logging java.management java.security.sasl java.naming java.rmi java.management.rmi java.net.http java.scripting java.security.jgss java.transaction.xa java.sql java.sql.rowset java.xml.crypto java.se java.smartcardio jdk.accessibility jdk.internal.jvmstat jdk.attach jdk.charsets jdk.internal.opt jdk.zipfs jdk.compiler jdk.crypto.ec jdk.crypto.cryptoki jdk.crypto.mscapi jdk.dynalink jdk.internal.ed jdk.editpad jdk.hotspot.agent jdk.httpserver jdk.internal.le jdk.internal.vm.ci jdk.internal.vm.compiler jdk.internal.vm.compiler.management jdk.jartool jdk.javadoc jdk.jcmd jdk.management jdk.management.agent jdk.jconsole jdk.jdeps jdk.jdwp.agent jdk.jdi jdk.jfr jdk.jshell jdk.jsobject jdk.jstatd jdk.localedata jdk.management.jfr jdk.naming.dns jdk.naming.rmi jdk.net jdk.nio.mapmode jdk.random jdk.sctp jdk.security.auth jdk.security.jgss jdk.unsupported jdk.unsupported.desktop jdk.xml.dom" 

Environment Variables:
PATH=C:\Users\Hp 921\AppData\Local\Programs\Microsoft VS Code;C:\Program Files\Common Files\Oracle\Java\javapath;C:\Windows\system32;C:\Windows;C:\Windows\System32\Wbem;C:\Windows\System32\WindowsPowerShell\v1.0\;C:\Windows\System32\OpenSSH\;C:\MinGW\bin;C:\Program Files\Git\cmd;C:\Program Files\Git\bin;C:\Users\Hp 921\AppData\Local\Microsoft\WindowsApps;C:\Users\Hp 921\AppData\Local\Programs\Microsoft VS Code\bin;C:\Program Files\Java\jdk-25.0.2\bin;
USERNAME=Hp 921
OS=Windows_NT
PROCESSOR_IDENTIFIER=AMD64 Family 25 Model 80 Stepping 0, AuthenticAMD
TMP=C:\Users\HP921~1\AppData\Local\Temp
TEMP=C:\Users\HP921~1\AppData\Local\Temp




Periodic native trim disabled

---------------  S Y S T E M  ---------------

OS:
 Windows 11 , 64 bit Build 22621 (10.0.22621.5415)
OS uptime: 2 days 22:21 hours
Hyper-V role detected

CPU: total 16 (initial active 16) (16 cores per cpu, 2 threads per core) family 25 model 80 stepping 0 microcode 0x0, cx8, cmov, fxsr, ht, mmx, 3dnowpref, sse, sse2, sse3, ssse3, sse4a, sse4.1, sse4.2, popcnt, lzcnt, tsc, tscinvbit, avx, avx2, aes, erms, clmul, bmi1, bmi2, adx, sha, fma, vzeroupper, clflush, clflushopt, hv, rdtscp, rdpid, fsrm, f16c, cet_ss
Processor Information for processor 0
  Max Mhz: 1901, Current Mhz: 1819, Mhz Limit: 1901
Processor Information for processor 1
  Max Mhz: 1901, Current Mhz: 1819, Mhz Limit: 1901
Processor Information for processor 2
  Max Mhz: 1901, Current Mhz: 1819, Mhz Limit: 1901
Processor Information for processor 3
  Max Mhz: 1901, Current Mhz: 1819, Mhz Limit: 1901
Processor Information for processor 4
  Max Mhz: 1901, Current Mhz: 1901, Mhz Limit: 1901
Processor Information for processor 5
  Max Mhz: 1901, Current Mhz: 1819, Mhz Limit: 1901
Processor Information for processor 6
  Max Mhz: 1901, Current Mhz: 1819, Mhz Limit: 1901
Processor Information for processor 7
  Max Mhz: 1901, Current Mhz: 1901, Mhz Limit: 1901
Processor Information for processor 8
  Max Mhz: 1901, Current Mhz: 1819, Mhz Limit: 1901
Processor Information for processor 9
  Max Mhz: 1901, Current Mhz: 1901, Mhz Limit: 1901
Processor Information for processor 10
  Max Mhz: 1901, Current Mhz: 1819, Mhz Limit: 1901
Processor Information for processor 11
  Max Mhz: 1901, Current Mhz: 1819, Mhz Limit: 1901
Processor Information for processor 12
  Max Mhz: 1901, Current Mhz: 1819, Mhz Limit: 1901
Processor Information for processor 13
  Max Mhz: 1901, Current Mhz: 1819, Mhz Limit: 1901
Processor Information for processor 14
  Max Mhz: 1901, Current Mhz: 1819, Mhz Limit: 1901
Processor Information for processor 15
  Max Mhz: 1901, Current Mhz: 1819, Mhz Limit: 1901

Memory: 4k page, system-wide physical 15681M (5699M free)
TotalPageFile size 18113M (AvailPageFile size 19M)
current process WorkingSet (physical memory assigned to process): 1011M, peak: 1011M
current process commit charge ("private bytes"): 1092M, peak: 1093M

vm_info: OpenJDK 64-Bit Server VM (21.0.10+7-LTS) for windows-amd64 JRE (21.0.10+7-LTS), built on 2026-01-20T00:00:00Z by "admin" with MS VC++ 17.12 (VS2022)

END.
