#
# There is insufficient memory for the Java Runtime Environment to continue.
# Native memory allocation (mmap) failed to map 257949696 bytes for G1 virtual space
# Possible reasons:
#   The system is out of physical RAM or swap space
#   The process is running with CompressedOops enabled, and the Java Heap may be blocking the growth of the native heap
# Possible solutions:
#   Reduce memory load on the system
#   Increase physical memory or swap space
#   Check if swap backing store is full
#   Decrease Java heap size (-Xmx/-Xms)
#   Decrease number of Java threads
#   Decrease Java thread stack sizes (-Xss)
#   Set larger code cache with -XX:ReservedCodeCacheSize=
#   JVM is running with Zero Based Compressed Oops mode in which the Java heap is
#     placed in the first 32GB address space. The Java Heap base address is the
#     maximum limit for the native heap growth. Please use -XX:HeapBaseMinAddress
#     to set the Java Heap base and to place the Java Heap above 32GB virtual address.
# This output file may be truncated or incomplete.
#
#  Out of Memory Error (os_windows.cpp:3548), pid=1352, tid=21264
#
# JRE version:  (17.0.11+7) (build )
# Java VM: Java HotSpot(TM) 64-Bit Server VM (17.0.11+7-LTS-207, mixed mode, sharing, tiered, compressed oops, compressed class ptrs, g1 gc, windows-amd64)
# No core dump will be written. Minidumps are not enabled by default on client versions of Windows
#

---------------  S U M M A R Y ------------

Command Line: -XX:+ShowCodeDetailsInExceptionMessages Transactions

Host: AMD Ryzen 7 PRO 5850U with Radeon Graphics     , 16 cores, 15G,  Windows 11 , 64 bit Build 22621 (10.0.22621.5415)
Time: Mon May 11 18:01:25 2026 India Standard Time elapsed time: 0.007950 seconds (0d 0h 0m 0s)

---------------  T H R E A D  ---------------

Current thread (0x000002628b91f540):  JavaThread "Unknown thread" [_thread_in_vm, id=21264, stack(0x000000b834200000,0x000000b834300000)]

Stack: [0x000000b834200000,0x000000b834300000]
Native frames: (J=compiled Java code, j=interpreted, Vv=VM code, C=native code)
V  [jvm.dll+0x679cca]
V  [jvm.dll+0x7da13d]
V  [jvm.dll+0x7dba83]
V  [jvm.dll+0x7dc0f3]
V  [jvm.dll+0x2449af]
V  [jvm.dll+0x676ce9]
V  [jvm.dll+0x66b852]
V  [jvm.dll+0x3018d6]
V  [jvm.dll+0x308e76]
V  [jvm.dll+0x3596ee]
V  [jvm.dll+0x35991f]
V  [jvm.dll+0x2d89a8]
V  [jvm.dll+0x2d9914]
V  [jvm.dll+0x7ac6b1]
V  [jvm.dll+0x366f61]
V  [jvm.dll+0x78b609]
V  [jvm.dll+0x3ec22f]
V  [jvm.dll+0x3ede61]
C  [jli.dll+0x5297]
C  [ucrtbase.dll+0x29333]
C  [KERNEL32.DLL+0x1259d]
C  [ntdll.dll+0x5af78]


---------------  P R O C E S S  ---------------

Threads class SMR info:
_java_thread_list=0x00007ff8c0717a18, length=0, elements={
}

Java Threads: ( => current thread )

Other Threads:
  0x000002628b9889e0 GCTaskThread "GC Thread#0" [stack: 0x000000b834300000,0x000000b834400000] [id=19900]
  0x000002628b999e50 ConcurrentGCThread "G1 Main Marker" [stack: 0x000000b834400000,0x000000b834500000] [id=17804]
  0x000002628b99b870 ConcurrentGCThread "G1 Conc#0" [stack: 0x000000b834500000,0x000000b834600000] [id=12640]

[error occurred during error reporting (printing all threads), id 0xc0000005, EXCEPTION_ACCESS_VIOLATION (0xc0000005) at pc=0x00007ff8bff49497]

VM state: not at safepoint (not fully initialized)

VM Mutex/Monitor currently owned by a thread:  ([mutex/lock_event])
[0x000002628b91a530] Heap_lock - owner thread: 0x000002628b91f540

Heap address: 0x000000070ae00000, size: 3922 MB, Compressed Oops mode: Zero based, Oop shift amount: 3

CDS archive(s) mapped at: [0x0000000000000000-0x0000000000000000-0x0000000000000000), size 0, SharedBaseAddress: 0x0000000800000000, ArchiveRelocationMode: 1.
Narrow klass base: 0x0000000000000000, Narrow klass shift: 0, Narrow klass range: 0x0

GC Precious Log:
<Empty>

Heap:
 garbage-first heap   total 0K, used 0K [0x000000070ae00000, 0x0000000800000000)
  region size 2048K, 0 young (0K), 0 survivors (0K)

[error occurred during error reporting (printing heap information), id 0xc0000005, EXCEPTION_ACCESS_VIOLATION (0xc0000005) at pc=0x00007ff8c0333559]

GC Heap History (0 events):
No events

Deoptimization events (0 events):
No events

Classes unloaded (0 events):
No events

Classes redefined (0 events):
No events

Internal exceptions (0 events):
No events

VM Operations (0 events):
No events

Events (1 events):
Event: 0.005 Loaded shared library C:\Program Files\Java\jdk-17\bin\java.dll


Dynamic libraries:
0x00007ff6faf70000 - 0x00007ff6faf80000 	C:\Program Files\Java\jdk-17\bin\java.exe
0x00007ff96ad50000 - 0x00007ff96af68000 	C:\Windows\SYSTEM32\ntdll.dll
0x00007ff968f00000 - 0x00007ff968fc4000 	C:\Windows\System32\KERNEL32.DLL
0x00007ff9684f0000 - 0x00007ff9688c3000 	C:\Windows\System32\KERNELBASE.dll
0x00007ff968150000 - 0x00007ff968261000 	C:\Windows\System32\ucrtbase.dll
0x00007ff942a10000 - 0x00007ff942a29000 	C:\Program Files\Java\jdk-17\bin\jli.dll
0x00007ff92e770000 - 0x00007ff92e78b000 	C:\Program Files\Java\jdk-17\bin\VCRUNTIME140.dll
0x00007ff9696f0000 - 0x00007ff9697a1000 	C:\Windows\System32\ADVAPI32.dll
0x00007ff96aba0000 - 0x00007ff96ac47000 	C:\Windows\System32\msvcrt.dll
0x00007ff96ac60000 - 0x00007ff96ad08000 	C:\Windows\System32\sechost.dll
0x00007ff967e60000 - 0x00007ff967e88000 	C:\Windows\System32\bcrypt.dll
0x00007ff968dd0000 - 0x00007ff968ee8000 	C:\Windows\System32\RPCRT4.dll
0x00007ff9697d0000 - 0x00007ff969982000 	C:\Windows\System32\USER32.dll
0x00007ff968120000 - 0x00007ff968146000 	C:\Windows\System32\win32u.dll
0x00007ff94e390000 - 0x00007ff94e62c000 	C:\Windows\WinSxS\amd64_microsoft.windows.common-controls_6595b64144ccf1df_6.0.22621.6060_none_2712eda17382d24b\COMCTL32.dll
0x00007ff968b00000 - 0x00007ff968b29000 	C:\Windows\System32\GDI32.dll
0x00007ff9688d0000 - 0x00007ff9689eb000 	C:\Windows\System32\gdi32full.dll
0x00007ff968000000 - 0x00007ff96809a000 	C:\Windows\System32\msvcp_win.dll
0x00007ff95f0e0000 - 0x00007ff95f0ea000 	C:\Windows\SYSTEM32\VERSION.dll
0x00007ff96aad0000 - 0x00007ff96ab01000 	C:\Windows\System32\IMM32.DLL
0x00007ff9463a0000 - 0x00007ff9463ac000 	C:\Program Files\Java\jdk-17\bin\vcruntime140_1.dll
0x00007ff922170000 - 0x00007ff9221fe000 	C:\Program Files\Java\jdk-17\bin\msvcp140.dll
0x00007ff8bfc60000 - 0x00007ff8c0840000 	C:\Program Files\Java\jdk-17\bin\server\jvm.dll
0x00007ff96aaa0000 - 0x00007ff96aaa8000 	C:\Windows\System32\PSAPI.DLL
0x00007ff943410000 - 0x00007ff943419000 	C:\Windows\SYSTEM32\WSOCK32.dll
0x00007ff962fe0000 - 0x00007ff963014000 	C:\Windows\SYSTEM32\WINMM.dll
0x00007ff96a080000 - 0x00007ff96a0f1000 	C:\Windows\System32\WS2_32.dll
0x00007ff966e00000 - 0x00007ff966e18000 	C:\Windows\SYSTEM32\kernel.appcore.dll
0x00007ff9460a0000 - 0x00007ff9460aa000 	C:\Program Files\Java\jdk-17\bin\jimage.dll
0x00007ff965760000 - 0x00007ff965993000 	C:\Windows\SYSTEM32\DBGHELP.DLL
0x00007ff969a10000 - 0x00007ff969da1000 	C:\Windows\System32\combase.dll
0x00007ff968cf0000 - 0x00007ff968dc8000 	C:\Windows\System32\OLEAUT32.dll
0x00007ff946c00000 - 0x00007ff946c32000 	C:\Windows\SYSTEM32\dbgcore.DLL
0x00007ff9680a0000 - 0x00007ff96811b000 	C:\Windows\System32\bcryptPrimitives.dll
0x00007ff925230000 - 0x00007ff925255000 	C:\Program Files\Java\jdk-17\bin\java.dll

dbghelp: loaded successfully - version: 4.0.5 - missing functions: none
symbol engine: initialized successfully - sym options: 0x614 - pdb path: .;C:\Program Files\Java\jdk-17\bin;C:\Windows\SYSTEM32;C:\Windows\WinSxS\amd64_microsoft.windows.common-controls_6595b64144ccf1df_6.0.22621.6060_none_2712eda17382d24b;C:\Program Files\Java\jdk-17\bin\server

VM Arguments:
jvm_args: -XX:+ShowCodeDetailsInExceptionMessages 
java_command: Transactions
java_class_path (initial): C:\Users\Hp 921\AppData\Roaming\Code\User\workspaceStorage\1df0127adcf93e1a27ed126523d283ea\redhat.java\jdt_ws\BANK MANAGEMENT SYSTEM_f03bd4b\bin;c:\Users\Hp 921\Desktop\BANK MANAGEMENT SYSTEM\library\jcalendar-tz-1.3.3-4.jar;d:\mysql-connector-java-8.0.28.jar
Launcher Type: SUN_STANDARD

[Global flags]
     intx CICompilerCount                          = 12                                        {product} {ergonomic}
     uint ConcGCThreads                            = 3                                         {product} {ergonomic}
     uint G1ConcRefinementThreads                  = 13                                        {product} {ergonomic}
   size_t G1HeapRegionSize                         = 2097152                                   {product} {ergonomic}
    uintx GCDrainStackTargetSize                   = 64                                        {product} {ergonomic}
   size_t InitialHeapSize                          = 257949696                                 {product} {ergonomic}
   size_t MarkStackSize                            = 4194304                                   {product} {ergonomic}
   size_t MaxHeapSize                              = 4112515072                                {product} {ergonomic}
   size_t MinHeapDeltaBytes                        = 2097152                                   {product} {ergonomic}
   size_t MinHeapSize                              = 8388608                                   {product} {ergonomic}
    uintx NonNMethodCodeHeapSize                   = 7602480                                {pd product} {ergonomic}
    uintx NonProfiledCodeHeapSize                  = 122027880                              {pd product} {ergonomic}
    uintx ProfiledCodeHeapSize                     = 122027880                              {pd product} {ergonomic}
    uintx ReservedCodeCacheSize                    = 251658240                              {pd product} {ergonomic}
     bool SegmentedCodeCache                       = true                                      {product} {ergonomic}
     bool ShowCodeDetailsInExceptionMessages       = true                                   {manageable} {command line}
   size_t SoftMaxHeapSize                          = 4112515072                             {manageable} {ergonomic}
     bool UseCompressedClassPointers               = true                           {product lp64_product} {ergonomic}
     bool UseCompressedOops                        = true                           {product lp64_product} {ergonomic}
     bool UseG1GC                                  = true                                      {product} {ergonomic}
     bool UseLargePagesIndividualAllocation        = false                                  {pd product} {ergonomic}

Logging:
Log output configuration:
 #0: stdout all=warning uptime,level,tags
 #1: stderr all=off uptime,level,tags

Environment Variables:
PATH=C:\Users\Hp 921\AppData\Local\Programs\Microsoft VS Code;C:\Program Files\Common Files\Oracle\Java\javapath;C:\Windows\system32;C:\Windows;C:\Windows\System32\Wbem;C:\Windows\System32\WindowsPowerShell\v1.0\;C:\Windows\System32\OpenSSH\;C:\MinGW\bin;C:\Program Files\Git\cmd;C:\Program Files\Git\bin;C:\Users\Hp 921\AppData\Local\Microsoft\WindowsApps;C:\Users\Hp 921\AppData\Local\Programs\Microsoft VS Code\bin;C:\Program Files\Java\jdk-25.0.2\bin;c:\Users\Hp 921\.vscode\extensions\vscjava.vscode-java-debug-0.59.0\bundled\scripts\noConfigScripts
USERNAME=Hp 921
LANG=en_US.UTF-8
OS=Windows_NT
PROCESSOR_IDENTIFIER=AMD64 Family 25 Model 80 Stepping 0, AuthenticAMD



---------------  S Y S T E M  ---------------

OS:
 Windows 11 , 64 bit Build 22621 (10.0.22621.5415)
OS uptime: 1 days 20:09 hours
Hyper-V role detected

CPU: total 16 (initial active 16) (16 cores per cpu, 2 threads per core) family 25 model 80 stepping 0 microcode 0x0, cx8, cmov, fxsr, ht, mmx, 3dnowpref, sse, sse2, sse3, ssse3, sse4a, sse4.1, sse4.2, popcnt, lzcnt, tsc, tscinvbit, avx, avx2, aes, erms, clmul, bmi1, bmi2, adx, sha, fma, vzeroupper, clflush, clflushopt, hv

Memory: 4k page, system-wide physical 15681M (6068M free)
TotalPageFile size 18113M (AvailPageFile size 196M)
current process WorkingSet (physical memory assigned to process): 11M, peak: 11M
current process commit charge ("private bytes"): 70M, peak: 316M

vm_info: Java HotSpot(TM) 64-Bit Server VM (17.0.11+7-LTS-207) for windows-amd64 JRE (17.0.11+7-LTS-207), built on Mar 11 2024 19:01:50 by "mach5one" with MS VC++ 17.6 (VS2022)

END.
